19:59:16,653 (main) INFO  [DataNucleus.Enhancer] - DataNucleus Enhancer : Using ClassEnhancer "ASM" for API "JDO"
19:59:16,945 (main) ERROR [DataNucleus.Plugin] - Bundle "org.datanucleus.store.appengine" requires "org.datanucleus" version "[1.0.4, 1.1.5.final)" but the resolved bundle has version "1.0.7.final" which is outside the expected range.
19:59:16,946 (main) INFO  [DataNucleus.Plugin] - Bundle "org.datanucleus" has an optional dependency to "org.eclipse.equinox.registry" but it cannot be resolved
19:59:16,946 (main) INFO  [DataNucleus.Plugin] - Bundle "org.datanucleus" has an optional dependency to "org.eclipse.core.runtime" but it cannot be resolved
19:59:17,078 (main) INFO  [DataNucleus.Enhancer] - DataNucleus Enhancer (version 1.1.4) : Enhancement of classes
19:59:17,209 (main) INFO  [DataNucleus.MetaData] - Class "br.com.bufunfa.finance.conta.ContaImpl" has been specified with JPA annotations so using those.
19:59:17,316 (main) INFO  [DataNucleus.MetaData] - Class "br.com.bufunfa.finance.conta.ContaImpl_Roo_Configurable" has no MetaData or annotations.
19:59:17,321 (main) INFO  [DataNucleus.MetaData] - Class "br.com.bufunfa.finance.conta.ContaImpl_Roo_Entity" has no MetaData or annotations.
19:59:17,322 (main) INFO  [DataNucleus.MetaData] - Class "br.com.bufunfa.finance.conta.ContaImpl_Roo_Serializable" has no MetaData or annotations.
19:59:17,323 (main) INFO  [DataNucleus.MetaData] - Class "br.com.bufunfa.finance.conta.ContaImpl_Roo_ToString" has no MetaData or annotations.
19:59:17,336 (main) INFO  [DataNucleus.MetaData] - Class "br.com.bufunfa.finance.conta.ContaImplDataOnDemand" has no MetaData or annotations.
19:59:17,337 (main) INFO  [DataNucleus.MetaData] - Class "br.com.bufunfa.finance.conta.ContaImplDataOnDemand_Roo_Configurable" has no MetaData or annotations.
19:59:17,338 (main) INFO  [DataNucleus.MetaData] - Class "br.com.bufunfa.finance.conta.ContaImplDataOnDemand_Roo_DataOnDemand" has no MetaData or annotations.
19:59:17,358 (main) INFO  [DataNucleus.MetaData] - Class "br.com.bufunfa.finance.conta.ContaImplIntegrationTest" has no MetaData or annotations.
19:59:17,359 (main) INFO  [DataNucleus.MetaData] - Class "br.com.bufunfa.finance.conta.ContaImplIntegrationTest_Roo_Configurable" has no MetaData or annotations.
19:59:17,361 (main) INFO  [DataNucleus.MetaData] - Class "br.com.bufunfa.finance.conta.ContaImplIntegrationTest_Roo_IntegrationTest" has no MetaData or annotations.
19:59:17,489 (main) INFO  [DataNucleus.Enhancer] - Updating class file "file:/home/camilo/Ubuntu%20One/scm/Finance/target/classes/br/com/bufunfa/finance/conta/ContaImpl.class" with enhanced definition
19:59:17,495 (main) INFO  [DataNucleus.Enhancer] - DataNucleus Enhancer completed with success for 1 classes. Timings : input=305 ms, enhance=107 ms, total=412 ms. Consult the log for full details
20:05:20,871 (main) INFO  [DataNucleus.Enhancer] - DataNucleus Enhancer : Using ClassEnhancer "ASM" for API "JDO"
20:05:21,124 (main) ERROR [DataNucleus.Plugin] - Bundle "org.datanucleus.store.appengine" requires "org.datanucleus" version "[1.0.4, 1.1.5.final)" but the resolved bundle has version "1.0.7.final" which is outside the expected range.
20:05:21,124 (main) INFO  [DataNucleus.Plugin] - Bundle "org.datanucleus" has an optional dependency to "org.eclipse.equinox.registry" but it cannot be resolved
20:05:21,124 (main) INFO  [DataNucleus.Plugin] - Bundle "org.datanucleus" has an optional dependency to "org.eclipse.core.runtime" but it cannot be resolved
20:05:21,204 (main) INFO  [DataNucleus.Enhancer] - DataNucleus Enhancer (version 1.1.4) : Enhancement of classes
20:05:21,362 (main) INFO  [DataNucleus.MetaData] - Class "br.com.bufunfa.finance.conta.ContaImpl" has been specified with JPA annotations so using those.
20:05:21,491 (main) INFO  [DataNucleus.MetaData] - Class "br.com.bufunfa.finance.conta.ContaImpl_Roo_Configurable" has no MetaData or annotations.
20:05:21,492 (main) INFO  [DataNucleus.MetaData] - Class "br.com.bufunfa.finance.conta.ContaImpl_Roo_Entity" has no MetaData or annotations.
20:05:21,493 (main) INFO  [DataNucleus.MetaData] - Class "br.com.bufunfa.finance.conta.ContaImpl_Roo_JavaBean" has no MetaData or annotations.
20:05:21,494 (main) INFO  [DataNucleus.MetaData] - Class "br.com.bufunfa.finance.conta.ContaImpl_Roo_Serializable" has no MetaData or annotations.
20:05:21,495 (main) INFO  [DataNucleus.MetaData] - Class "br.com.bufunfa.finance.conta.ContaImpl_Roo_ToString" has no MetaData or annotations.
20:05:21,500 (main) INFO  [DataNucleus.MetaData] - Class "br.com.bufunfa.finance.conta.ContaImplDataOnDemand" has no MetaData or annotations.
20:05:21,501 (main) INFO  [DataNucleus.MetaData] - Class "br.com.bufunfa.finance.conta.ContaImplDataOnDemand_Roo_Configurable" has no MetaData or annotations.
20:05:21,503 (main) INFO  [DataNucleus.MetaData] - Class "br.com.bufunfa.finance.conta.ContaImplDataOnDemand_Roo_DataOnDemand" has no MetaData or annotations.
20:05:21,513 (main) INFO  [DataNucleus.MetaData] - Class "br.com.bufunfa.finance.conta.ContaImplIntegrationTest" has no MetaData or annotations.
20:05:21,515 (main) INFO  [DataNucleus.MetaData] - Class "br.com.bufunfa.finance.conta.ContaImplIntegrationTest_Roo_Configurable" has no MetaData or annotations.
20:05:21,517 (main) INFO  [DataNucleus.MetaData] - Class "br.com.bufunfa.finance.conta.ContaImplIntegrationTest_Roo_IntegrationTest" has no MetaData or annotations.
20:05:21,592 (main) INFO  [DataNucleus.Enhancer] - Updating class file "file:/home/camilo/Ubuntu%20One/scm/Finance/target/classes/br/com/bufunfa/finance/conta/ContaImpl.class" with enhanced definition
20:05:21,597 (main) INFO  [DataNucleus.Enhancer] - DataNucleus Enhancer completed with success for 1 classes. Timings : input=316 ms, enhance=69 ms, total=385 ms. Consult the log for full details
20:06:01,404 (main) INFO  [DataNucleus.Enhancer] - DataNucleus Enhancer : Using ClassEnhancer "ASM" for API "JDO"
20:06:01,655 (main) ERROR [DataNucleus.Plugin] - Bundle "org.datanucleus.store.appengine" requires "org.datanucleus" version "[1.0.4, 1.1.5.final)" but the resolved bundle has version "1.0.7.final" which is outside the expected range.
20:06:01,656 (main) INFO  [DataNucleus.Plugin] - Bundle "org.datanucleus" has an optional dependency to "org.eclipse.equinox.registry" but it cannot be resolved
20:06:01,656 (main) INFO  [DataNucleus.Plugin] - Bundle "org.datanucleus" has an optional dependency to "org.eclipse.core.runtime" but it cannot be resolved
20:06:01,750 (main) INFO  [DataNucleus.Enhancer] - DataNucleus Enhancer (version 1.1.4) : Enhancement of classes
20:06:01,959 (main) INFO  [DataNucleus.MetaData] - Class "br.com.bufunfa.finance.conta.ContaImpl" has been specified with JPA annotations so using those.
20:06:02,196 (main) INFO  [DataNucleus.MetaData] - Class "br.com.bufunfa.finance.conta.ContaImpl_Roo_Configurable" has no MetaData or annotations.
20:06:02,197 (main) INFO  [DataNucleus.MetaData] - Class "br.com.bufunfa.finance.conta.ContaImpl_Roo_Entity" has no MetaData or annotations.
20:06:02,198 (main) INFO  [DataNucleus.MetaData] - Class "br.com.bufunfa.finance.conta.ContaImpl_Roo_JavaBean" has no MetaData or annotations.
20:06:02,199 (main) INFO  [DataNucleus.MetaData] - Class "br.com.bufunfa.finance.conta.ContaImpl_Roo_Serializable" has no MetaData or annotations.
20:06:02,199 (main) INFO  [DataNucleus.MetaData] - Class "br.com.bufunfa.finance.conta.ContaImpl_Roo_ToString" has no MetaData or annotations.
20:06:02,203 (main) INFO  [DataNucleus.MetaData] - Class "br.com.bufunfa.finance.conta.ContaImplDataOnDemand" has no MetaData or annotations.
20:06:02,204 (main) INFO  [DataNucleus.MetaData] - Class "br.com.bufunfa.finance.conta.ContaImplDataOnDemand_Roo_Configurable" has no MetaData or annotations.
20:06:02,205 (main) INFO  [DataNucleus.MetaData] - Class "br.com.bufunfa.finance.conta.ContaImplDataOnDemand_Roo_DataOnDemand" has no MetaData or annotations.
20:06:02,214 (main) INFO  [DataNucleus.MetaData] - Class "br.com.bufunfa.finance.conta.ContaImplIntegrationTest" has no MetaData or annotations.
20:06:02,214 (main) INFO  [DataNucleus.MetaData] - Class "br.com.bufunfa.finance.conta.ContaImplIntegrationTest_Roo_Configurable" has no MetaData or annotations.
20:06:02,215 (main) INFO  [DataNucleus.MetaData] - Class "br.com.bufunfa.finance.conta.ContaImplIntegrationTest_Roo_IntegrationTest" has no MetaData or annotations.
20:06:02,286 (main) INFO  [DataNucleus.Enhancer] - Updating class file "file:/home/camilo/Ubuntu%20One/scm/Finance/target/classes/br/com/bufunfa/finance/conta/ContaImpl.class" with enhanced definition
20:06:02,292 (main) INFO  [DataNucleus.Enhancer] - DataNucleus Enhancer completed with success for 1 classes. Timings : input=470 ms, enhance=68 ms, total=538 ms. Consult the log for full details
20:23:04,927 (main) INFO  [DataNucleus.Enhancer] - DataNucleus Enhancer : Using ClassEnhancer "ASM" for API "JDO"
20:23:05,222 (main) INFO  [DataNucleus.Plugin] - Bundle "org.datanucleus" has an optional dependency to "org.eclipse.equinox.registry" but it cannot be resolved
20:23:05,222 (main) INFO  [DataNucleus.Plugin] - Bundle "org.datanucleus" has an optional dependency to "org.eclipse.core.runtime" but it cannot be resolved
20:23:05,292 (main) INFO  [DataNucleus.Enhancer] - DataNucleus Enhancer (version 1.1.4) : Enhancement of classes
20:23:05,402 (main) INFO  [DataNucleus.MetaData] - Class "br.com.bufunfa.finance.conta.ContaImpl" has been specified with JPA annotations so using those.
20:23:05,455 (main) INFO  [DataNucleus.MetaData] - Class "br.com.bufunfa.finance.conta.ContaImpl_Roo_Configurable" has no MetaData or annotations.
20:23:05,456 (main) INFO  [DataNucleus.MetaData] - Class "br.com.bufunfa.finance.conta.ContaImpl_Roo_Entity" has no MetaData or annotations.
20:23:05,461 (main) INFO  [DataNucleus.MetaData] - Class "br.com.bufunfa.finance.conta.ContaImpl_Roo_JavaBean" has no MetaData or annotations.
20:23:05,462 (main) INFO  [DataNucleus.MetaData] - Class "br.com.bufunfa.finance.conta.ContaImpl_Roo_Serializable" has no MetaData or annotations.
20:23:05,463 (main) INFO  [DataNucleus.MetaData] - Class "br.com.bufunfa.finance.conta.ContaImpl_Roo_ToString" has no MetaData or annotations.
20:23:05,470 (main) INFO  [DataNucleus.MetaData] - Class "br.com.bufunfa.finance.conta.ContaImplDataOnDemand" has no MetaData or annotations.
20:23:05,471 (main) INFO  [DataNucleus.MetaData] - Class "br.com.bufunfa.finance.conta.ContaImplDataOnDemand_Roo_Configurable" has no MetaData or annotations.
20:23:05,472 (main) INFO  [DataNucleus.MetaData] - Class "br.com.bufunfa.finance.conta.ContaImplDataOnDemand_Roo_DataOnDemand" has no MetaData or annotations.
20:23:05,492 (main) INFO  [DataNucleus.MetaData] - Class "br.com.bufunfa.finance.conta.ContaImplIntegrationTest" has no MetaData or annotations.
20:23:05,501 (main) INFO  [DataNucleus.MetaData] - Class "br.com.bufunfa.finance.conta.ContaImplIntegrationTest_Roo_Configurable" has no MetaData or annotations.
20:23:05,502 (main) INFO  [DataNucleus.MetaData] - Class "br.com.bufunfa.finance.conta.ContaImplIntegrationTest_Roo_IntegrationTest" has no MetaData or annotations.
20:23:05,595 (main) INFO  [DataNucleus.Enhancer] - Updating class file "file:/home/camilo/Ubuntu%20One/scm/Finance/target/classes/br/com/bufunfa/finance/conta/ContaImpl.class" with enhanced definition
20:23:05,596 (main) INFO  [DataNucleus.Enhancer] - DataNucleus Enhancer completed with success for 1 classes. Timings : input=218 ms, enhance=73 ms, total=291 ms. Consult the log for full details
20:25:50,080 (main) INFO  [DataNucleus.Enhancer] - DataNucleus Enhancer : Using ClassEnhancer "ASM" for API "JDO"
20:25:50,385 (main) INFO  [DataNucleus.Plugin] - Bundle "org.datanucleus" has an optional dependency to "org.eclipse.equinox.registry" but it cannot be resolved
20:25:50,385 (main) INFO  [DataNucleus.Plugin] - Bundle "org.datanucleus" has an optional dependency to "org.eclipse.core.runtime" but it cannot be resolved
20:25:50,445 (main) INFO  [DataNucleus.Enhancer] - DataNucleus Enhancer (version 1.1.4) : Enhancement of classes
20:25:50,565 (main) INFO  [DataNucleus.MetaData] - Class "br.com.bufunfa.finance.conta.ContaImpl" has been specified with JPA annotations so using those.
20:25:50,640 (main) INFO  [DataNucleus.MetaData] - Class "br.com.bufunfa.finance.conta.ContaImpl_Roo_Configurable" has no MetaData or annotations.
20:25:50,641 (main) INFO  [DataNucleus.MetaData] - Class "br.com.bufunfa.finance.conta.ContaImpl_Roo_Entity" has no MetaData or annotations.
20:25:50,642 (main) INFO  [DataNucleus.MetaData] - Class "br.com.bufunfa.finance.conta.ContaImpl_Roo_JavaBean" has no MetaData or annotations.
20:25:50,642 (main) INFO  [DataNucleus.MetaData] - Class "br.com.bufunfa.finance.conta.ContaImpl_Roo_Serializable" has no MetaData or annotations.
20:25:50,643 (main) INFO  [DataNucleus.MetaData] - Class "br.com.bufunfa.finance.conta.ContaImpl_Roo_ToString" has no MetaData or annotations.
20:25:50,647 (main) INFO  [DataNucleus.MetaData] - Class "br.com.bufunfa.finance.conta.ContaImplDataOnDemand" has no MetaData or annotations.
20:25:50,648 (main) INFO  [DataNucleus.MetaData] - Class "br.com.bufunfa.finance.conta.ContaImplDataOnDemand_Roo_Configurable" has no MetaData or annotations.
20:25:50,649 (main) INFO  [DataNucleus.MetaData] - Class "br.com.bufunfa.finance.conta.ContaImplDataOnDemand_Roo_DataOnDemand" has no MetaData or annotations.
20:25:50,674 (main) INFO  [DataNucleus.MetaData] - Class "br.com.bufunfa.finance.conta.ContaImplIntegrationTest" has no MetaData or annotations.
20:25:50,675 (main) INFO  [DataNucleus.MetaData] - Class "br.com.bufunfa.finance.conta.ContaImplIntegrationTest_Roo_Configurable" has no MetaData or annotations.
20:25:50,676 (main) INFO  [DataNucleus.MetaData] - Class "br.com.bufunfa.finance.conta.ContaImplIntegrationTest_Roo_IntegrationTest" has no MetaData or annotations.
20:25:50,760 (main) INFO  [DataNucleus.Enhancer] - Updating class file "file:/home/camilo/Ubuntu%20One/scm/Finance/target/classes/br/com/bufunfa/finance/conta/ContaImpl.class" with enhanced definition
20:25:50,761 (main) INFO  [DataNucleus.Enhancer] - DataNucleus Enhancer completed with success for 1 classes. Timings : input=239 ms, enhance=71 ms, total=310 ms. Consult the log for full details
20:47:41,428 (main) INFO  [DataNucleus.Enhancer] - DataNucleus Enhancer : Using ClassEnhancer "ASM" for API "JDO"
20:47:41,637 (main) INFO  [DataNucleus.Plugin] - Bundle "org.datanucleus" has an optional dependency to "org.eclipse.equinox.registry" but it cannot be resolved
20:47:41,637 (main) INFO  [DataNucleus.Plugin] - Bundle "org.datanucleus" has an optional dependency to "org.eclipse.core.runtime" but it cannot be resolved
20:47:41,743 (main) INFO  [DataNucleus.Enhancer] - DataNucleus Enhancer (version 1.1.4) : Enhancement of classes
20:47:41,885 (main) INFO  [DataNucleus.MetaData] - Class "br.com.bufunfa.finance.conta.ContaImpl" has been specified with JPA annotations so using those.
20:47:42,004 (main) INFO  [DataNucleus.MetaData] - Class "br.com.bufunfa.finance.conta.ContaImpl_Roo_Configurable" has no MetaData or annotations.
20:47:42,006 (main) INFO  [DataNucleus.MetaData] - Class "br.com.bufunfa.finance.conta.ContaImpl_Roo_Entity" has no MetaData or annotations.
20:47:42,006 (main) INFO  [DataNucleus.MetaData] - Class "br.com.bufunfa.finance.conta.ContaImpl_Roo_JavaBean" has no MetaData or annotations.
20:47:42,007 (main) INFO  [DataNucleus.MetaData] - Class "br.com.bufunfa.finance.conta.ContaImpl_Roo_Serializable" has no MetaData or annotations.
20:47:42,008 (main) INFO  [DataNucleus.MetaData] - Class "br.com.bufunfa.finance.conta.ContaImpl_Roo_ToString" has no MetaData or annotations.
20:47:42,033 (main) INFO  [DataNucleus.MetaData] - Class "br.com.bufunfa.finance.conta.ContaImplDataOnDemand" has no MetaData or annotations.
20:47:42,034 (main) INFO  [DataNucleus.MetaData] - Class "br.com.bufunfa.finance.conta.ContaImplDataOnDemand_Roo_Configurable" has no MetaData or annotations.
20:47:42,039 (main) INFO  [DataNucleus.MetaData] - Class "br.com.bufunfa.finance.conta.ContaImplDataOnDemand_Roo_DataOnDemand" has no MetaData or annotations.
20:47:42,063 (main) INFO  [DataNucleus.MetaData] - Class "br.com.bufunfa.finance.conta.ContaImplIntegrationTest" has no MetaData or annotations.
20:47:42,064 (main) INFO  [DataNucleus.MetaData] - Class "br.com.bufunfa.finance.conta.ContaImplIntegrationTest_Roo_Configurable" has no MetaData or annotations.
20:47:42,065 (main) INFO  [DataNucleus.MetaData] - Class "br.com.bufunfa.finance.conta.ContaImplIntegrationTest_Roo_IntegrationTest" has no MetaData or annotations.
20:47:42,243 (main) INFO  [DataNucleus.Enhancer] - Updating class file "file:/home/camilo/Ubuntu%20One/scm/Finance/target/classes/br/com/bufunfa/finance/conta/ContaImpl.class" with enhanced definition
20:47:42,244 (main) INFO  [DataNucleus.Enhancer] - DataNucleus Enhancer completed with success for 1 classes. Timings : input=337 ms, enhance=155 ms, total=492 ms. Consult the log for full details
20:53:06,054 (main) INFO  [DataNucleus.Enhancer] - DataNucleus Enhancer : Using ClassEnhancer "ASM" for API "JDO"
20:53:06,407 (main) INFO  [DataNucleus.Plugin] - Bundle "org.datanucleus" has an optional dependency to "org.eclipse.equinox.registry" but it cannot be resolved
20:53:06,407 (main) INFO  [DataNucleus.Plugin] - Bundle "org.datanucleus" has an optional dependency to "org.eclipse.core.runtime" but it cannot be resolved
20:53:06,497 (main) INFO  [DataNucleus.Enhancer] - DataNucleus Enhancer (version 1.1.4) : Enhancement of classes
20:53:06,547 (main) ERROR [DataNucleus.Enhancer] - Input file "/home/camilo/Ubuntu One/scm/Finance/target/classes/br/com/bufunfa/finance/conta/ContaImpl_Roo_Configurable.class" doesnt exist!
20:53:06,547 (main) ERROR [DataNucleus.Enhancer] - Input file "/home/camilo/Ubuntu One/scm/Finance/target/classes/br/com/bufunfa/finance/conta/ContaImpl_Roo_Entity.class" doesnt exist!
20:53:06,547 (main) ERROR [DataNucleus.Enhancer] - Input file "/home/camilo/Ubuntu One/scm/Finance/target/classes/br/com/bufunfa/finance/conta/ContaImpl_Roo_Finder.class" doesnt exist!
20:53:06,547 (main) ERROR [DataNucleus.Enhancer] - Input file "/home/camilo/Ubuntu One/scm/Finance/target/classes/br/com/bufunfa/finance/conta/ContaImpl_Roo_JavaBean.class" doesnt exist!
20:53:06,548 (main) ERROR [DataNucleus.Enhancer] - Input file "/home/camilo/Ubuntu One/scm/Finance/target/classes/br/com/bufunfa/finance/conta/ContaImpl_Roo_Serializable.class" doesnt exist!
20:53:06,548 (main) ERROR [DataNucleus.Enhancer] - Input file "/home/camilo/Ubuntu One/scm/Finance/target/classes/br/com/bufunfa/finance/conta/ContaImpl_Roo_ToString.class" doesnt exist!
20:53:06,657 (main) INFO  [DataNucleus.MetaData] - Class "br.com.bufunfa.finance.conta.ContaImpl" has been specified with JPA annotations so using those.
20:53:06,715 (main) INFO  [DataNucleus.MetaData] - Class "br.com.bufunfa.finance.conta.ContaImplDataOnDemand" has no MetaData or annotations.
20:53:06,726 (main) INFO  [DataNucleus.MetaData] - Class "br.com.bufunfa.finance.conta.ContaImplDataOnDemand_Roo_Configurable" has no MetaData or annotations.
20:53:06,727 (main) INFO  [DataNucleus.MetaData] - Class "br.com.bufunfa.finance.conta.ContaImplDataOnDemand_Roo_DataOnDemand" has no MetaData or annotations.
20:53:06,728 (main) INFO  [DataNucleus.MetaData] - Class "br.com.bufunfa.finance.conta.ContaImplIntegrationTest" has no MetaData or annotations.
20:53:06,729 (main) INFO  [DataNucleus.MetaData] - Class "br.com.bufunfa.finance.conta.ContaImplIntegrationTest_Roo_Configurable" has no MetaData or annotations.
20:53:06,730 (main) INFO  [DataNucleus.MetaData] - Class "br.com.bufunfa.finance.conta.ContaImplIntegrationTest_Roo_IntegrationTest" has no MetaData or annotations.
20:53:06,731 (main) ERROR [DataNucleus.MetaData] - Class br.com.bufunfa.finance.conta.ContaImpl has application-identity and no objectid-class specified yet has 0 primary key fields. Unable to use SingleFieldIdentity.
20:53:06,736 (main) ERROR [DataNucleus.Enhancer] - DataNucleus Enhancer completed with an error. Please review the enhancer log for full details. Some classes may have been enhanced but some caused errors
Class br.com.bufunfa.finance.conta.ContaImpl has application-identity and no objectid-class specified yet has 0 primary key fields. Unable to use SingleFieldIdentity.
org.datanucleus.metadata.InvalidMetaDataException: Class br.com.bufunfa.finance.conta.ContaImpl has application-identity and no objectid-class specified yet has 0 primary key fields. Unable to use SingleFieldIdentity.
	at org.datanucleus.metadata.AbstractClassMetaData.determineObjectIdClass(AbstractClassMetaData.java:1032)
	at org.datanucleus.metadata.ClassMetaData.populate(ClassMetaData.java:205)
	at org.datanucleus.metadata.MetaDataManager$1.run(MetaDataManager.java:2322)
	at java.security.AccessController.doPrivileged(Native Method)
	at org.datanucleus.metadata.MetaDataManager.populateAbstractClassMetaData(MetaDataManager.java:2316)
	at org.datanucleus.metadata.MetaDataManager.populateFileMetaData(MetaDataManager.java:2153)
	at org.datanucleus.metadata.MetaDataManager.initialiseFileMetaDataForUse(MetaDataManager.java:864)
	at org.datanucleus.metadata.MetaDataManager.loadClasses(MetaDataManager.java:433)
	at org.datanucleus.enhancer.DataNucleusEnhancer.getFileMetadataForInput(DataNucleusEnhancer.java:743)
	at org.datanucleus.enhancer.DataNucleusEnhancer.enhance(DataNucleusEnhancer.java:545)
	at org.datanucleus.enhancer.DataNucleusEnhancer.main(DataNucleusEnhancer.java:1252)
20:53:06,737 (main) INFO  [DataNucleus.Enhancer] - DataNucleus Enhancer completed and no classes were enhanced. Consult the log for full details
20:53:11,515 (main) INFO  [DataNucleus.Enhancer] - DataNucleus Enhancer : Using ClassEnhancer "ASM" for API "JDO"
20:53:11,787 (main) INFO  [DataNucleus.Plugin] - Bundle "org.datanucleus" has an optional dependency to "org.eclipse.equinox.registry" but it cannot be resolved
20:53:11,787 (main) INFO  [DataNucleus.Plugin] - Bundle "org.datanucleus" has an optional dependency to "org.eclipse.core.runtime" but it cannot be resolved
20:53:11,861 (main) INFO  [DataNucleus.Enhancer] - DataNucleus Enhancer (version 1.1.4) : Enhancement of classes
20:53:11,957 (main) INFO  [DataNucleus.MetaData] - Class "br.com.bufunfa.finance.conta.ContaImpl" has been specified with JPA annotations so using those.
20:53:12,017 (main) INFO  [DataNucleus.MetaData] - Class "br.com.bufunfa.finance.conta.ContaImplDataOnDemand" has no MetaData or annotations.
20:53:12,033 (main) INFO  [DataNucleus.MetaData] - Class "br.com.bufunfa.finance.conta.ContaImplDataOnDemand_Roo_Configurable" has no MetaData or annotations.
20:53:12,034 (main) INFO  [DataNucleus.MetaData] - Class "br.com.bufunfa.finance.conta.ContaImplDataOnDemand_Roo_DataOnDemand" has no MetaData or annotations.
20:53:12,035 (main) INFO  [DataNucleus.MetaData] - Class "br.com.bufunfa.finance.conta.ContaImplIntegrationTest" has no MetaData or annotations.
20:53:12,037 (main) INFO  [DataNucleus.MetaData] - Class "br.com.bufunfa.finance.conta.ContaImplIntegrationTest_Roo_Configurable" has no MetaData or annotations.
20:53:12,038 (main) INFO  [DataNucleus.MetaData] - Class "br.com.bufunfa.finance.conta.ContaImplIntegrationTest_Roo_IntegrationTest" has no MetaData or annotations.
20:53:12,043 (main) ERROR [DataNucleus.MetaData] - Class br.com.bufunfa.finance.conta.ContaImpl has application-identity and no objectid-class specified yet has 0 primary key fields. Unable to use SingleFieldIdentity.
20:53:12,044 (main) ERROR [DataNucleus.Enhancer] - DataNucleus Enhancer completed with an error. Please review the enhancer log for full details. Some classes may have been enhanced but some caused errors
Class br.com.bufunfa.finance.conta.ContaImpl has application-identity and no objectid-class specified yet has 0 primary key fields. Unable to use SingleFieldIdentity.
org.datanucleus.metadata.InvalidMetaDataException: Class br.com.bufunfa.finance.conta.ContaImpl has application-identity and no objectid-class specified yet has 0 primary key fields. Unable to use SingleFieldIdentity.
	at org.datanucleus.metadata.AbstractClassMetaData.determineObjectIdClass(AbstractClassMetaData.java:1032)
	at org.datanucleus.metadata.ClassMetaData.populate(ClassMetaData.java:205)
	at org.datanucleus.metadata.MetaDataManager$1.run(MetaDataManager.java:2322)
	at java.security.AccessController.doPrivileged(Native Method)
	at org.datanucleus.metadata.MetaDataManager.populateAbstractClassMetaData(MetaDataManager.java:2316)
	at org.datanucleus.metadata.MetaDataManager.populateFileMetaData(MetaDataManager.java:2153)
	at org.datanucleus.metadata.MetaDataManager.initialiseFileMetaDataForUse(MetaDataManager.java:864)
	at org.datanucleus.metadata.MetaDataManager.loadClasses(MetaDataManager.java:433)
	at org.datanucleus.enhancer.DataNucleusEnhancer.getFileMetadataForInput(DataNucleusEnhancer.java:743)
	at org.datanucleus.enhancer.DataNucleusEnhancer.enhance(DataNucleusEnhancer.java:545)
	at org.datanucleus.enhancer.DataNucleusEnhancer.main(DataNucleusEnhancer.java:1252)
20:53:12,052 (main) INFO  [DataNucleus.Enhancer] - DataNucleus Enhancer completed and no classes were enhanced. Consult the log for full details
21:04:31,926 (main) INFO  [DataNucleus.Enhancer] - DataNucleus Enhancer : Using ClassEnhancer "ASM" for API "JDO"
21:04:32,307 (main) INFO  [DataNucleus.Plugin] - Bundle "org.datanucleus" has an optional dependency to "org.eclipse.equinox.registry" but it cannot be resolved
21:04:32,307 (main) INFO  [DataNucleus.Plugin] - Bundle "org.datanucleus" has an optional dependency to "org.eclipse.core.runtime" but it cannot be resolved
21:04:32,387 (main) INFO  [DataNucleus.Enhancer] - DataNucleus Enhancer (version 1.1.4) : Enhancement of classes
21:04:32,569 (main) INFO  [DataNucleus.MetaData] - Class "br.com.bufunfa.finance.conta.ContaImpl" has been specified with JPA annotations so using those.
21:04:32,650 (main) INFO  [DataNucleus.MetaData] - Class "br.com.bufunfa.finance.conta.ContaImplDataOnDemand" has no MetaData or annotations.
21:04:32,658 (main) INFO  [DataNucleus.MetaData] - Class "br.com.bufunfa.finance.conta.ContaImplDataOnDemand_Roo_Configurable" has no MetaData or annotations.
21:04:32,659 (main) INFO  [DataNucleus.MetaData] - Class "br.com.bufunfa.finance.conta.ContaImplDataOnDemand_Roo_DataOnDemand" has no MetaData or annotations.
21:04:32,660 (main) INFO  [DataNucleus.MetaData] - Class "br.com.bufunfa.finance.conta.ContaImplIntegrationTest" has no MetaData or annotations.
21:04:32,669 (main) INFO  [DataNucleus.MetaData] - Class "br.com.bufunfa.finance.conta.ContaImplIntegrationTest_Roo_Configurable" has no MetaData or annotations.
21:04:32,670 (main) INFO  [DataNucleus.MetaData] - Class "br.com.bufunfa.finance.conta.ContaImplIntegrationTest_Roo_IntegrationTest" has no MetaData or annotations.
21:04:32,671 (main) ERROR [DataNucleus.MetaData] - Class br.com.bufunfa.finance.conta.ContaImpl has application-identity and no objectid-class specified yet has 0 primary key fields. Unable to use SingleFieldIdentity.
21:04:32,672 (main) ERROR [DataNucleus.Enhancer] - DataNucleus Enhancer completed with an error. Please review the enhancer log for full details. Some classes may have been enhanced but some caused errors
Class br.com.bufunfa.finance.conta.ContaImpl has application-identity and no objectid-class specified yet has 0 primary key fields. Unable to use SingleFieldIdentity.
org.datanucleus.metadata.InvalidMetaDataException: Class br.com.bufunfa.finance.conta.ContaImpl has application-identity and no objectid-class specified yet has 0 primary key fields. Unable to use SingleFieldIdentity.
	at org.datanucleus.metadata.AbstractClassMetaData.determineObjectIdClass(AbstractClassMetaData.java:1032)
	at org.datanucleus.metadata.ClassMetaData.populate(ClassMetaData.java:205)
	at org.datanucleus.metadata.MetaDataManager$1.run(MetaDataManager.java:2322)
	at java.security.AccessController.doPrivileged(Native Method)
	at org.datanucleus.metadata.MetaDataManager.populateAbstractClassMetaData(MetaDataManager.java:2316)
	at org.datanucleus.metadata.MetaDataManager.populateFileMetaData(MetaDataManager.java:2153)
	at org.datanucleus.metadata.MetaDataManager.initialiseFileMetaDataForUse(MetaDataManager.java:864)
	at org.datanucleus.metadata.MetaDataManager.loadClasses(MetaDataManager.java:433)
	at org.datanucleus.enhancer.DataNucleusEnhancer.getFileMetadataForInput(DataNucleusEnhancer.java:743)
	at org.datanucleus.enhancer.DataNucleusEnhancer.enhance(DataNucleusEnhancer.java:545)
	at org.datanucleus.enhancer.DataNucleusEnhancer.main(DataNucleusEnhancer.java:1252)
21:04:32,681 (main) INFO  [DataNucleus.Enhancer] - DataNucleus Enhancer completed and no classes were enhanced. Consult the log for full details
21:04:34,514 (main) INFO  [DataNucleus.Enhancer] - DataNucleus Enhancer : Using ClassEnhancer "ASM" for API "JDO"
21:04:34,747 (main) INFO  [DataNucleus.Plugin] - Bundle "org.datanucleus" has an optional dependency to "org.eclipse.equinox.registry" but it cannot be resolved
21:04:34,747 (main) INFO  [DataNucleus.Plugin] - Bundle "org.datanucleus" has an optional dependency to "org.eclipse.core.runtime" but it cannot be resolved
21:04:34,805 (main) INFO  [DataNucleus.Enhancer] - DataNucleus Enhancer (version 1.1.4) : Enhancement of classes
21:04:34,926 (main) INFO  [DataNucleus.MetaData] - Class "br.com.bufunfa.finance.conta.ContaImpl" has been specified with JPA annotations so using those.
21:04:35,001 (main) INFO  [DataNucleus.MetaData] - Class "br.com.bufunfa.finance.conta.ContaImpl_Roo_Configurable" has no MetaData or annotations.
21:04:35,002 (main) INFO  [DataNucleus.MetaData] - Class "br.com.bufunfa.finance.conta.ContaImpl_Roo_Entity" has no MetaData or annotations.
21:04:35,003 (main) INFO  [DataNucleus.MetaData] - Class "br.com.bufunfa.finance.conta.ContaImpl_Roo_JavaBean" has no MetaData or annotations.
21:04:35,004 (main) INFO  [DataNucleus.MetaData] - Class "br.com.bufunfa.finance.conta.ContaImpl_Roo_Serializable" has no MetaData or annotations.
21:04:35,004 (main) INFO  [DataNucleus.MetaData] - Class "br.com.bufunfa.finance.conta.ContaImpl_Roo_ToString" has no MetaData or annotations.
21:04:35,008 (main) INFO  [DataNucleus.MetaData] - Class "br.com.bufunfa.finance.conta.ContaImplDataOnDemand" has no MetaData or annotations.
21:04:35,009 (main) INFO  [DataNucleus.MetaData] - Class "br.com.bufunfa.finance.conta.ContaImplDataOnDemand_Roo_Configurable" has no MetaData or annotations.
21:04:35,010 (main) INFO  [DataNucleus.MetaData] - Class "br.com.bufunfa.finance.conta.ContaImplDataOnDemand_Roo_DataOnDemand" has no MetaData or annotations.
21:04:35,019 (main) INFO  [DataNucleus.MetaData] - Class "br.com.bufunfa.finance.conta.ContaImplIntegrationTest" has no MetaData or annotations.
21:04:35,020 (main) INFO  [DataNucleus.MetaData] - Class "br.com.bufunfa.finance.conta.ContaImplIntegrationTest_Roo_Configurable" has no MetaData or annotations.
21:04:35,021 (main) INFO  [DataNucleus.MetaData] - Class "br.com.bufunfa.finance.conta.ContaImplIntegrationTest_Roo_IntegrationTest" has no MetaData or annotations.
21:04:35,085 (main) INFO  [DataNucleus.Enhancer] - Updating class file "file:/home/camilo/Ubuntu%20One/scm/Finance/target/classes/br/com/bufunfa/finance/conta/ContaImpl.class" with enhanced definition
21:04:35,085 (main) INFO  [DataNucleus.Enhancer] - DataNucleus Enhancer completed with success for 1 classes. Timings : input=220 ms, enhance=56 ms, total=276 ms. Consult the log for full details
21:05:06,035 (main) INFO  [DataNucleus.Enhancer] - DataNucleus Enhancer : Using ClassEnhancer "ASM" for API "JDO"
21:05:06,338 (main) INFO  [DataNucleus.Plugin] - Bundle "org.datanucleus" has an optional dependency to "org.eclipse.equinox.registry" but it cannot be resolved
21:05:06,338 (main) INFO  [DataNucleus.Plugin] - Bundle "org.datanucleus" has an optional dependency to "org.eclipse.core.runtime" but it cannot be resolved
21:05:06,398 (main) INFO  [DataNucleus.Enhancer] - DataNucleus Enhancer (version 1.1.4) : Enhancement of classes
21:05:06,525 (main) INFO  [DataNucleus.MetaData] - Class "br.com.bufunfa.finance.conta.ContaImpl" has been specified with JPA annotations so using those.
21:05:06,581 (main) INFO  [DataNucleus.MetaData] - Class "br.com.bufunfa.finance.conta.ContaImpl_Roo_Configurable" has no MetaData or annotations.
21:05:06,582 (main) INFO  [DataNucleus.MetaData] - Class "br.com.bufunfa.finance.conta.ContaImpl_Roo_Entity" has no MetaData or annotations.
21:05:06,583 (main) INFO  [DataNucleus.MetaData] - Class "br.com.bufunfa.finance.conta.ContaImpl_Roo_JavaBean" has no MetaData or annotations.
21:05:06,583 (main) INFO  [DataNucleus.MetaData] - Class "br.com.bufunfa.finance.conta.ContaImpl_Roo_Serializable" has no MetaData or annotations.
21:05:06,584 (main) INFO  [DataNucleus.MetaData] - Class "br.com.bufunfa.finance.conta.ContaImpl_Roo_ToString" has no MetaData or annotations.
21:05:06,589 (main) INFO  [DataNucleus.MetaData] - Class "br.com.bufunfa.finance.conta.ContaImplDataOnDemand" has no MetaData or annotations.
21:05:06,590 (main) INFO  [DataNucleus.MetaData] - Class "br.com.bufunfa.finance.conta.ContaImplDataOnDemand_Roo_Configurable" has no MetaData or annotations.
21:05:06,591 (main) INFO  [DataNucleus.MetaData] - Class "br.com.bufunfa.finance.conta.ContaImplDataOnDemand_Roo_DataOnDemand" has no MetaData or annotations.
21:05:06,601 (main) INFO  [DataNucleus.MetaData] - Class "br.com.bufunfa.finance.conta.ContaImplIntegrationTest" has no MetaData or annotations.
21:05:06,602 (main) INFO  [DataNucleus.MetaData] - Class "br.com.bufunfa.finance.conta.ContaImplIntegrationTest_Roo_Configurable" has no MetaData or annotations.
21:05:06,604 (main) INFO  [DataNucleus.MetaData] - Class "br.com.bufunfa.finance.conta.ContaImplIntegrationTest_Roo_IntegrationTest" has no MetaData or annotations.
21:05:06,717 (main) INFO  [DataNucleus.Enhancer] - Updating class file "file:/home/camilo/Ubuntu%20One/scm/Finance/target/classes/br/com/bufunfa/finance/conta/ContaImpl.class" with enhanced definition
21:05:06,717 (main) INFO  [DataNucleus.Enhancer] - DataNucleus Enhancer completed with success for 1 classes. Timings : input=210 ms, enhance=103 ms, total=313 ms. Consult the log for full details
21:05:31,189 (main) INFO  [DataNucleus.Enhancer] - DataNucleus Enhancer : Using ClassEnhancer "ASM" for API "JDO"
21:05:31,427 (main) INFO  [DataNucleus.Plugin] - Bundle "org.datanucleus" has an optional dependency to "org.eclipse.equinox.registry" but it cannot be resolved
21:05:31,427 (main) INFO  [DataNucleus.Plugin] - Bundle "org.datanucleus" has an optional dependency to "org.eclipse.core.runtime" but it cannot be resolved
21:05:31,494 (main) INFO  [DataNucleus.Enhancer] - DataNucleus Enhancer (version 1.1.4) : Enhancement of classes
21:05:31,642 (main) INFO  [DataNucleus.MetaData] - Class "br.com.bufunfa.finance.conta.ContaImpl" has been specified with JPA annotations so using those.
21:05:31,724 (main) INFO  [DataNucleus.MetaData] - Class "br.com.bufunfa.finance.conta.ContaImpl_Roo_Configurable" has no MetaData or annotations.
21:05:31,725 (main) INFO  [DataNucleus.MetaData] - Class "br.com.bufunfa.finance.conta.ContaImpl_Roo_Entity" has no MetaData or annotations.
21:05:31,726 (main) INFO  [DataNucleus.MetaData] - Class "br.com.bufunfa.finance.conta.ContaImpl_Roo_Finder" has no MetaData or annotations.
21:05:31,726 (main) INFO  [DataNucleus.MetaData] - Class "br.com.bufunfa.finance.conta.ContaImpl_Roo_JavaBean" has no MetaData or annotations.
21:05:31,727 (main) INFO  [DataNucleus.MetaData] - Class "br.com.bufunfa.finance.conta.ContaImpl_Roo_Serializable" has no MetaData or annotations.
21:05:31,728 (main) INFO  [DataNucleus.MetaData] - Class "br.com.bufunfa.finance.conta.ContaImpl_Roo_ToString" has no MetaData or annotations.
21:05:31,732 (main) INFO  [DataNucleus.MetaData] - Class "br.com.bufunfa.finance.conta.ContaImplDataOnDemand" has no MetaData or annotations.
21:05:31,733 (main) INFO  [DataNucleus.MetaData] - Class "br.com.bufunfa.finance.conta.ContaImplDataOnDemand_Roo_Configurable" has no MetaData or annotations.
21:05:31,733 (main) INFO  [DataNucleus.MetaData] - Class "br.com.bufunfa.finance.conta.ContaImplDataOnDemand_Roo_DataOnDemand" has no MetaData or annotations.
21:05:31,749 (main) INFO  [DataNucleus.MetaData] - Class "br.com.bufunfa.finance.conta.ContaImplIntegrationTest" has no MetaData or annotations.
21:05:31,749 (main) INFO  [DataNucleus.MetaData] - Class "br.com.bufunfa.finance.conta.ContaImplIntegrationTest_Roo_Configurable" has no MetaData or annotations.
21:05:31,750 (main) INFO  [DataNucleus.MetaData] - Class "br.com.bufunfa.finance.conta.ContaImplIntegrationTest_Roo_IntegrationTest" has no MetaData or annotations.
21:05:31,837 (main) INFO  [DataNucleus.Enhancer] - Updating class file "file:/home/camilo/Ubuntu%20One/scm/Finance/target/classes/br/com/bufunfa/finance/conta/ContaImpl.class" with enhanced definition
21:05:31,837 (main) INFO  [DataNucleus.Enhancer] - DataNucleus Enhancer completed with success for 1 classes. Timings : input=261 ms, enhance=78 ms, total=339 ms. Consult the log for full details
21:05:51,779 (main) INFO  [DataNucleus.Enhancer] - DataNucleus Enhancer : Using ClassEnhancer "ASM" for API "JDO"
21:05:52,024 (main) INFO  [DataNucleus.Plugin] - Bundle "org.datanucleus" has an optional dependency to "org.eclipse.equinox.registry" but it cannot be resolved
21:05:52,024 (main) INFO  [DataNucleus.Plugin] - Bundle "org.datanucleus" has an optional dependency to "org.eclipse.core.runtime" but it cannot be resolved
21:05:52,081 (main) INFO  [DataNucleus.Enhancer] - DataNucleus Enhancer (version 1.1.4) : Enhancement of classes
21:05:52,181 (main) INFO  [DataNucleus.MetaData] - Class "br.com.bufunfa.finance.conta.ContaImpl" has been specified with JPA annotations so using those.
21:05:52,263 (main) INFO  [DataNucleus.MetaData] - Class "br.com.bufunfa.finance.conta.ContaImpl_Roo_Configurable" has no MetaData or annotations.
21:05:52,264 (main) INFO  [DataNucleus.MetaData] - Class "br.com.bufunfa.finance.conta.ContaImpl_Roo_Entity" has no MetaData or annotations.
21:05:52,265 (main) INFO  [DataNucleus.MetaData] - Class "br.com.bufunfa.finance.conta.ContaImpl_Roo_Finder" has no MetaData or annotations.
21:05:52,265 (main) INFO  [DataNucleus.MetaData] - Class "br.com.bufunfa.finance.conta.ContaImpl_Roo_JavaBean" has no MetaData or annotations.
21:05:52,266 (main) INFO  [DataNucleus.MetaData] - Class "br.com.bufunfa.finance.conta.ContaImpl_Roo_Serializable" has no MetaData or annotations.
21:05:52,267 (main) INFO  [DataNucleus.MetaData] - Class "br.com.bufunfa.finance.conta.ContaImpl_Roo_ToString" has no MetaData or annotations.
21:05:52,271 (main) INFO  [DataNucleus.MetaData] - Class "br.com.bufunfa.finance.conta.ContaImplDataOnDemand" has no MetaData or annotations.
21:05:52,278 (main) INFO  [DataNucleus.MetaData] - Class "br.com.bufunfa.finance.conta.ContaImplDataOnDemand_Roo_Configurable" has no MetaData or annotations.
21:05:52,279 (main) INFO  [DataNucleus.MetaData] - Class "br.com.bufunfa.finance.conta.ContaImplDataOnDemand_Roo_DataOnDemand" has no MetaData or annotations.
21:05:52,288 (main) INFO  [DataNucleus.MetaData] - Class "br.com.bufunfa.finance.conta.ContaImplIntegrationTest" has no MetaData or annotations.
21:05:52,289 (main) INFO  [DataNucleus.MetaData] - Class "br.com.bufunfa.finance.conta.ContaImplIntegrationTest_Roo_Configurable" has no MetaData or annotations.
21:05:52,290 (main) INFO  [DataNucleus.MetaData] - Class "br.com.bufunfa.finance.conta.ContaImplIntegrationTest_Roo_IntegrationTest" has no MetaData or annotations.
21:05:52,378 (main) INFO  [DataNucleus.Enhancer] - Updating class file "file:/home/camilo/Ubuntu%20One/scm/Finance/target/classes/br/com/bufunfa/finance/conta/ContaImpl.class" with enhanced definition
21:05:52,379 (main) INFO  [DataNucleus.Enhancer] - DataNucleus Enhancer completed with success for 1 classes. Timings : input=213 ms, enhance=80 ms, total=293 ms. Consult the log for full details
21:06:26,779 (main) INFO  [DataNucleus.Enhancer] - DataNucleus Enhancer : Using ClassEnhancer "ASM" for API "JDO"
21:06:27,121 (main) INFO  [DataNucleus.Plugin] - Bundle "org.datanucleus" has an optional dependency to "org.eclipse.equinox.registry" but it cannot be resolved
21:06:27,121 (main) INFO  [DataNucleus.Plugin] - Bundle "org.datanucleus" has an optional dependency to "org.eclipse.core.runtime" but it cannot be resolved
21:06:27,203 (main) INFO  [DataNucleus.Enhancer] - DataNucleus Enhancer (version 1.1.4) : Enhancement of classes
21:06:27,295 (main) INFO  [DataNucleus.MetaData] - Class "br.com.bufunfa.finance.conta.ContaImpl" has been specified with JPA annotations so using those.
21:06:27,478 (main) INFO  [DataNucleus.MetaData] - Class "br.com.bufunfa.finance.conta.ContaImpl_Roo_Configurable" has no MetaData or annotations.
21:06:27,479 (main) INFO  [DataNucleus.MetaData] - Class "br.com.bufunfa.finance.conta.ContaImpl_Roo_Entity" has no MetaData or annotations.
21:06:27,480 (main) INFO  [DataNucleus.MetaData] - Class "br.com.bufunfa.finance.conta.ContaImpl_Roo_Finder" has no MetaData or annotations.
21:06:27,499 (main) INFO  [DataNucleus.MetaData] - Class "br.com.bufunfa.finance.conta.ContaImpl_Roo_JavaBean" has no MetaData or annotations.
21:06:27,500 (main) INFO  [DataNucleus.MetaData] - Class "br.com.bufunfa.finance.conta.ContaImpl_Roo_Serializable" has no MetaData or annotations.
21:06:27,501 (main) INFO  [DataNucleus.MetaData] - Class "br.com.bufunfa.finance.conta.ContaImpl_Roo_ToString" has no MetaData or annotations.
21:06:27,518 (main) INFO  [DataNucleus.MetaData] - Class "br.com.bufunfa.finance.conta.ContaImplDataOnDemand" has no MetaData or annotations.
21:06:27,518 (main) INFO  [DataNucleus.MetaData] - Class "br.com.bufunfa.finance.conta.ContaImplDataOnDemand_Roo_Configurable" has no MetaData or annotations.
21:06:27,519 (main) INFO  [DataNucleus.MetaData] - Class "br.com.bufunfa.finance.conta.ContaImplDataOnDemand_Roo_DataOnDemand" has no MetaData or annotations.
21:06:27,575 (main) INFO  [DataNucleus.MetaData] - Class "br.com.bufunfa.finance.conta.ContaImplIntegrationTest" has no MetaData or annotations.
21:06:27,575 (main) INFO  [DataNucleus.MetaData] - Class "br.com.bufunfa.finance.conta.ContaImplIntegrationTest_Roo_Configurable" has no MetaData or annotations.
21:06:27,576 (main) INFO  [DataNucleus.MetaData] - Class "br.com.bufunfa.finance.conta.ContaImplIntegrationTest_Roo_IntegrationTest" has no MetaData or annotations.
21:06:27,704 (main) INFO  [DataNucleus.Enhancer] - Updating class file "file:/home/camilo/Ubuntu%20One/scm/Finance/target/classes/br/com/bufunfa/finance/conta/ContaImpl.class" with enhanced definition
21:06:27,704 (main) INFO  [DataNucleus.Enhancer] - DataNucleus Enhancer completed with success for 1 classes. Timings : input=382 ms, enhance=115 ms, total=497 ms. Consult the log for full details
21:06:56,073 (main) INFO  [DataNucleus.Enhancer] - DataNucleus Enhancer : Using ClassEnhancer "ASM" for API "JDO"
21:06:56,329 (main) INFO  [DataNucleus.Plugin] - Bundle "org.datanucleus" has an optional dependency to "org.eclipse.equinox.registry" but it cannot be resolved
21:06:56,329 (main) INFO  [DataNucleus.Plugin] - Bundle "org.datanucleus" has an optional dependency to "org.eclipse.core.runtime" but it cannot be resolved
21:06:56,420 (main) INFO  [DataNucleus.Enhancer] - DataNucleus Enhancer (version 1.1.4) : Enhancement of classes
21:06:56,573 (main) INFO  [DataNucleus.MetaData] - Class "br.com.bufunfa.finance.conta.ContaImpl" has been specified with JPA annotations so using those.
21:06:56,692 (main) INFO  [DataNucleus.MetaData] - Class "br.com.bufunfa.finance.conta.ContaImpl_Roo_Configurable" has no MetaData or annotations.
21:06:56,693 (main) INFO  [DataNucleus.MetaData] - Class "br.com.bufunfa.finance.conta.ContaImpl_Roo_Entity" has no MetaData or annotations.
21:06:56,694 (main) INFO  [DataNucleus.MetaData] - Class "br.com.bufunfa.finance.conta.ContaImpl_Roo_Finder" has no MetaData or annotations.
21:06:56,695 (main) INFO  [DataNucleus.MetaData] - Class "br.com.bufunfa.finance.conta.ContaImpl_Roo_JavaBean" has no MetaData or annotations.
21:06:56,696 (main) INFO  [DataNucleus.MetaData] - Class "br.com.bufunfa.finance.conta.ContaImpl_Roo_Serializable" has no MetaData or annotations.
21:06:56,696 (main) INFO  [DataNucleus.MetaData] - Class "br.com.bufunfa.finance.conta.ContaImpl_Roo_ToString" has no MetaData or annotations.
21:06:56,700 (main) INFO  [DataNucleus.MetaData] - Class "br.com.bufunfa.finance.conta.ContaImplDataOnDemand" has no MetaData or annotations.
21:06:56,701 (main) INFO  [DataNucleus.MetaData] - Class "br.com.bufunfa.finance.conta.ContaImplDataOnDemand_Roo_Configurable" has no MetaData or annotations.
21:06:56,702 (main) INFO  [DataNucleus.MetaData] - Class "br.com.bufunfa.finance.conta.ContaImplDataOnDemand_Roo_DataOnDemand" has no MetaData or annotations.
21:06:56,717 (main) INFO  [DataNucleus.MetaData] - Class "br.com.bufunfa.finance.conta.ContaImplIntegrationTest" has no MetaData or annotations.
21:06:56,718 (main) INFO  [DataNucleus.MetaData] - Class "br.com.bufunfa.finance.conta.ContaImplIntegrationTest_Roo_Configurable" has no MetaData or annotations.
21:06:56,719 (main) INFO  [DataNucleus.MetaData] - Class "br.com.bufunfa.finance.conta.ContaImplIntegrationTest_Roo_IntegrationTest" has no MetaData or annotations.
21:06:56,796 (main) INFO  [DataNucleus.Enhancer] - Updating class file "file:/home/camilo/Ubuntu%20One/scm/Finance/target/classes/br/com/bufunfa/finance/conta/ContaImpl.class" with enhanced definition
21:06:56,797 (main) INFO  [DataNucleus.Enhancer] - DataNucleus Enhancer completed with success for 1 classes. Timings : input=298 ms, enhance=70 ms, total=368 ms. Consult the log for full details
21:27:57,083 (main) INFO  [DataNucleus.Enhancer] - DataNucleus Enhancer : Using ClassEnhancer "ASM" for API "JDO"
21:27:57,410 (main) INFO  [DataNucleus.Plugin] - Bundle "org.datanucleus" has an optional dependency to "org.eclipse.equinox.registry" but it cannot be resolved
21:27:57,410 (main) INFO  [DataNucleus.Plugin] - Bundle "org.datanucleus" has an optional dependency to "org.eclipse.core.runtime" but it cannot be resolved
21:27:57,494 (main) INFO  [DataNucleus.Enhancer] - DataNucleus Enhancer (version 1.1.4) : Enhancement of classes
21:27:57,721 (main) INFO  [DataNucleus.MetaData] - Class "br.com.bufunfa.finance.conta.ContaImpl" has been specified with JPA annotations so using those.
21:27:57,851 (main) INFO  [DataNucleus.MetaData] - Class "br.com.bufunfa.finance.conta.ContaImpl_Roo_Configurable" has no MetaData or annotations.
21:27:57,852 (main) INFO  [DataNucleus.MetaData] - Class "br.com.bufunfa.finance.conta.ContaImpl_Roo_Entity" has no MetaData or annotations.
21:27:57,853 (main) INFO  [DataNucleus.MetaData] - Class "br.com.bufunfa.finance.conta.ContaImpl_Roo_Finder" has no MetaData or annotations.
21:27:57,853 (main) INFO  [DataNucleus.MetaData] - Class "br.com.bufunfa.finance.conta.ContaImpl_Roo_JavaBean" has no MetaData or annotations.
21:27:57,854 (main) INFO  [DataNucleus.MetaData] - Class "br.com.bufunfa.finance.conta.ContaImpl_Roo_Serializable" has no MetaData or annotations.
21:27:57,855 (main) INFO  [DataNucleus.MetaData] - Class "br.com.bufunfa.finance.conta.ContaImpl_Roo_ToString" has no MetaData or annotations.
21:27:57,871 (main) INFO  [DataNucleus.MetaData] - Class "br.com.bufunfa.finance.conta.ContaImplDataOnDemand" has no MetaData or annotations.
21:27:57,872 (main) INFO  [DataNucleus.MetaData] - Class "br.com.bufunfa.finance.conta.ContaImplDataOnDemand_Roo_Configurable" has no MetaData or annotations.
21:27:57,874 (main) INFO  [DataNucleus.MetaData] - Class "br.com.bufunfa.finance.conta.ContaImplDataOnDemand_Roo_DataOnDemand" has no MetaData or annotations.
21:27:57,895 (main) INFO  [DataNucleus.MetaData] - Class "br.com.bufunfa.finance.conta.ContaImplIntegrationTest" has no MetaData or annotations.
21:27:57,895 (main) INFO  [DataNucleus.MetaData] - Class "br.com.bufunfa.finance.conta.ContaImplIntegrationTest_Roo_Configurable" has no MetaData or annotations.
21:27:57,905 (main) INFO  [DataNucleus.MetaData] - Class "br.com.bufunfa.finance.conta.ContaImplIntegrationTest_Roo_IntegrationTest" has no MetaData or annotations.
21:27:58,115 (main) INFO  [DataNucleus.Enhancer] - Updating class file "file:/home/camilo/Ubuntu%20One/scm/Finance/target/classes/br/com/bufunfa/finance/conta/ContaImpl.class" with enhanced definition
21:27:58,115 (main) INFO  [DataNucleus.Enhancer] - DataNucleus Enhancer completed with success for 1 classes. Timings : input=422 ms, enhance=195 ms, total=617 ms. Consult the log for full details
21:42:57,741 (main) INFO  [DataNucleus.Enhancer] - DataNucleus Enhancer : Using ClassEnhancer "ASM" for API "JDO"
21:42:58,201 (main) INFO  [DataNucleus.Plugin] - Bundle "org.datanucleus" has an optional dependency to "org.eclipse.equinox.registry" but it cannot be resolved
21:42:58,201 (main) INFO  [DataNucleus.Plugin] - Bundle "org.datanucleus" has an optional dependency to "org.eclipse.core.runtime" but it cannot be resolved
21:42:58,392 (main) INFO  [DataNucleus.Enhancer] - DataNucleus Enhancer (version 1.1.4) : Enhancement of classes
21:42:58,724 (main) INFO  [DataNucleus.MetaData] - Class "br.com.bufunfa.finance.conta.ContaImpl" has been specified with JPA annotations so using those.
21:42:58,905 (main) INFO  [DataNucleus.MetaData] - Class "br.com.bufunfa.finance.conta.ContaImpl_Roo_Configurable" has no MetaData or annotations.
21:42:58,907 (main) INFO  [DataNucleus.MetaData] - Class "br.com.bufunfa.finance.conta.ContaImpl_Roo_Entity" has no MetaData or annotations.
21:42:58,907 (main) INFO  [DataNucleus.MetaData] - Class "br.com.bufunfa.finance.conta.ContaImpl_Roo_Finder" has no MetaData or annotations.
21:42:58,908 (main) INFO  [DataNucleus.MetaData] - Class "br.com.bufunfa.finance.conta.ContaImpl_Roo_JavaBean" has no MetaData or annotations.
21:42:58,921 (main) INFO  [DataNucleus.MetaData] - Class "br.com.bufunfa.finance.conta.ContaImpl_Roo_Serializable" has no MetaData or annotations.
21:42:58,922 (main) INFO  [DataNucleus.MetaData] - Class "br.com.bufunfa.finance.conta.ContaImpl_Roo_ToString" has no MetaData or annotations.
21:42:58,939 (main) INFO  [DataNucleus.MetaData] - Class "br.com.bufunfa.finance.conta.ContaImplDataOnDemand" has no MetaData or annotations.
21:42:58,940 (main) INFO  [DataNucleus.MetaData] - Class "br.com.bufunfa.finance.conta.ContaImplDataOnDemand_Roo_Configurable" has no MetaData or annotations.
21:42:58,941 (main) INFO  [DataNucleus.MetaData] - Class "br.com.bufunfa.finance.conta.ContaImplDataOnDemand_Roo_DataOnDemand" has no MetaData or annotations.
21:42:58,976 (main) INFO  [DataNucleus.MetaData] - Class "br.com.bufunfa.finance.conta.ContaImplIntegrationTest" has no MetaData or annotations.
21:42:59,001 (main) INFO  [DataNucleus.MetaData] - Class "br.com.bufunfa.finance.conta.ContaImplIntegrationTest_Roo_Configurable" has no MetaData or annotations.
21:42:59,002 (main) INFO  [DataNucleus.MetaData] - Class "br.com.bufunfa.finance.conta.ContaImplIntegrationTest_Roo_IntegrationTest" has no MetaData or annotations.
21:42:59,236 (main) INFO  [DataNucleus.Enhancer] - Updating class file "file:/home/camilo/Ubuntu%20One/scm/Finance/target/classes/br/com/bufunfa/finance/conta/ContaImpl.class" with enhanced definition
21:42:59,245 (main) INFO  [DataNucleus.Enhancer] - DataNucleus Enhancer completed with success for 1 classes. Timings : input=698 ms, enhance=131 ms, total=829 ms. Consult the log for full details
21:48:54,111 (main) INFO  [DataNucleus.Enhancer] - DataNucleus Enhancer : Using ClassEnhancer "ASM" for API "JDO"
21:48:54,354 (main) INFO  [DataNucleus.Plugin] - Bundle "org.datanucleus" has an optional dependency to "org.eclipse.equinox.registry" but it cannot be resolved
21:48:54,354 (main) INFO  [DataNucleus.Plugin] - Bundle "org.datanucleus" has an optional dependency to "org.eclipse.core.runtime" but it cannot be resolved
21:48:54,412 (main) INFO  [DataNucleus.Enhancer] - DataNucleus Enhancer (version 1.1.4) : Enhancement of classes
21:48:54,548 (main) INFO  [DataNucleus.MetaData] - Class "br.com.bufunfa.finance.conta.ContaImpl" has been specified with JPA annotations so using those.
21:48:54,699 (main) INFO  [DataNucleus.MetaData] - Class "br.com.bufunfa.finance.conta.ContaImpl_Roo_Configurable" has no MetaData or annotations.
21:48:54,704 (main) INFO  [DataNucleus.MetaData] - Class "br.com.bufunfa.finance.conta.ContaImpl_Roo_Entity" has no MetaData or annotations.
21:48:54,706 (main) INFO  [DataNucleus.MetaData] - Class "br.com.bufunfa.finance.conta.ContaImpl_Roo_Finder" has no MetaData or annotations.
21:48:54,707 (main) INFO  [DataNucleus.MetaData] - Class "br.com.bufunfa.finance.conta.ContaImpl_Roo_JavaBean" has no MetaData or annotations.
21:48:54,707 (main) INFO  [DataNucleus.MetaData] - Class "br.com.bufunfa.finance.conta.ContaImpl_Roo_Serializable" has no MetaData or annotations.
21:48:54,708 (main) INFO  [DataNucleus.MetaData] - Class "br.com.bufunfa.finance.conta.ContaImpl_Roo_ToString" has no MetaData or annotations.
21:48:54,712 (main) INFO  [DataNucleus.MetaData] - Class "br.com.bufunfa.finance.conta.ContaImplDataOnDemand" has no MetaData or annotations.
21:48:54,713 (main) INFO  [DataNucleus.MetaData] - Class "br.com.bufunfa.finance.conta.ContaImplDataOnDemand_Roo_Configurable" has no MetaData or annotations.
21:48:54,714 (main) INFO  [DataNucleus.MetaData] - Class "br.com.bufunfa.finance.conta.ContaImplDataOnDemand_Roo_DataOnDemand" has no MetaData or annotations.
21:48:54,724 (main) INFO  [DataNucleus.MetaData] - Class "br.com.bufunfa.finance.conta.ContaImplIntegrationTest" has no MetaData or annotations.
21:48:54,725 (main) INFO  [DataNucleus.MetaData] - Class "br.com.bufunfa.finance.conta.ContaImplIntegrationTest_Roo_Configurable" has no MetaData or annotations.
21:48:54,726 (main) INFO  [DataNucleus.MetaData] - Class "br.com.bufunfa.finance.conta.ContaImplIntegrationTest_Roo_IntegrationTest" has no MetaData or annotations.
21:48:54,794 (main) INFO  [DataNucleus.Enhancer] - Updating class file "file:/home/camilo/Ubuntu%20One/scm/Finance/target/classes/br/com/bufunfa/finance/conta/ContaImpl.class" with enhanced definition
21:48:54,795 (main) INFO  [DataNucleus.Enhancer] - DataNucleus Enhancer completed with success for 1 classes. Timings : input=318 ms, enhance=59 ms, total=377 ms. Consult the log for full details
21:49:33,852 (main) INFO  [DataNucleus.Enhancer] - DataNucleus Enhancer : Using ClassEnhancer "ASM" for API "JDO"
21:49:34,106 (main) INFO  [DataNucleus.Plugin] - Bundle "org.datanucleus" has an optional dependency to "org.eclipse.equinox.registry" but it cannot be resolved
21:49:34,106 (main) INFO  [DataNucleus.Plugin] - Bundle "org.datanucleus" has an optional dependency to "org.eclipse.core.runtime" but it cannot be resolved
21:49:34,176 (main) INFO  [DataNucleus.Enhancer] - DataNucleus Enhancer (version 1.1.4) : Enhancement of classes
21:49:34,268 (main) INFO  [DataNucleus.MetaData] - Class "br.com.bufunfa.finance.conta.ContaImpl" has been specified with JPA annotations so using those.
21:49:34,395 (main) INFO  [DataNucleus.MetaData] - Class "br.com.bufunfa.finance.conta.ContaImpl_Roo_Configurable" has no MetaData or annotations.
21:49:34,396 (main) INFO  [DataNucleus.MetaData] - Class "br.com.bufunfa.finance.conta.ContaImpl_Roo_Entity" has no MetaData or annotations.
21:49:34,397 (main) INFO  [DataNucleus.MetaData] - Class "br.com.bufunfa.finance.conta.ContaImpl_Roo_Finder" has no MetaData or annotations.
21:49:34,398 (main) INFO  [DataNucleus.MetaData] - Class "br.com.bufunfa.finance.conta.ContaImpl_Roo_JavaBean" has no MetaData or annotations.
21:49:34,399 (main) INFO  [DataNucleus.MetaData] - Class "br.com.bufunfa.finance.conta.ContaImpl_Roo_Serializable" has no MetaData or annotations.
21:49:34,400 (main) INFO  [DataNucleus.MetaData] - Class "br.com.bufunfa.finance.conta.ContaImpl_Roo_ToString" has no MetaData or annotations.
21:49:34,404 (main) INFO  [DataNucleus.MetaData] - Class "br.com.bufunfa.finance.conta.ContaImplDataOnDemand" has no MetaData or annotations.
21:49:34,404 (main) INFO  [DataNucleus.MetaData] - Class "br.com.bufunfa.finance.conta.ContaImplDataOnDemand_Roo_Configurable" has no MetaData or annotations.
21:49:34,410 (main) INFO  [DataNucleus.MetaData] - Class "br.com.bufunfa.finance.conta.ContaImplDataOnDemand_Roo_DataOnDemand" has no MetaData or annotations.
21:49:34,424 (main) INFO  [DataNucleus.MetaData] - Class "br.com.bufunfa.finance.conta.ContaImplIntegrationTest" has no MetaData or annotations.
21:49:34,425 (main) INFO  [DataNucleus.MetaData] - Class "br.com.bufunfa.finance.conta.ContaImplIntegrationTest_Roo_Configurable" has no MetaData or annotations.
21:49:34,427 (main) INFO  [DataNucleus.MetaData] - Class "br.com.bufunfa.finance.conta.ContaImplIntegrationTest_Roo_IntegrationTest" has no MetaData or annotations.
21:49:34,501 (main) INFO  [DataNucleus.Enhancer] - Updating class file "file:/home/camilo/Ubuntu%20One/scm/Finance/target/classes/br/com/bufunfa/finance/conta/ContaImpl.class" with enhanced definition
21:49:34,501 (main) INFO  [DataNucleus.Enhancer] - DataNucleus Enhancer completed with success for 1 classes. Timings : input=255 ms, enhance=66 ms, total=321 ms. Consult the log for full details
21:45:50,227 (main) INFO  [DataNucleus.Enhancer] - DataNucleus Enhancer : Using ClassEnhancer "ASM" for API "JDO"
21:45:50,889 (main) INFO  [DataNucleus.Plugin] - Bundle "org.datanucleus" has an optional dependency to "org.eclipse.equinox.registry" but it cannot be resolved
21:45:50,889 (main) INFO  [DataNucleus.Plugin] - Bundle "org.datanucleus" has an optional dependency to "org.eclipse.core.runtime" but it cannot be resolved
21:45:51,082 (main) INFO  [DataNucleus.Enhancer] - DataNucleus Enhancer (version 1.1.4) : Enhancement of classes
21:45:51,396 (main) INFO  [DataNucleus.MetaData] - Class "br.com.bufunfa.finance.conta.ContaImpl" has been specified with JPA annotations so using those.
21:45:51,443 (main) INFO  [DataNucleus.MetaData] - Class "br.com.bufunfa.finance.conta.ContaImpl_Roo_Configurable" has no MetaData or annotations.
21:45:51,445 (main) INFO  [DataNucleus.MetaData] - Class "br.com.bufunfa.finance.conta.ContaImpl_Roo_Entity" has no MetaData or annotations.
21:45:51,446 (main) INFO  [DataNucleus.MetaData] - Class "br.com.bufunfa.finance.conta.ContaImpl_Roo_Finder" has no MetaData or annotations.
21:45:51,447 (main) INFO  [DataNucleus.MetaData] - Class "br.com.bufunfa.finance.conta.ContaImpl_Roo_JavaBean" has no MetaData or annotations.
21:45:51,448 (main) INFO  [DataNucleus.MetaData] - Class "br.com.bufunfa.finance.conta.ContaImpl_Roo_Serializable" has no MetaData or annotations.
21:45:51,449 (main) INFO  [DataNucleus.MetaData] - Class "br.com.bufunfa.finance.conta.ContaImpl_Roo_ToString" has no MetaData or annotations.
21:45:51,458 (main) INFO  [DataNucleus.MetaData] - Class "br.com.bufunfa.finance.conta.ContaImplDataOnDemand" has no MetaData or annotations.
21:45:51,459 (main) INFO  [DataNucleus.MetaData] - Class "br.com.bufunfa.finance.conta.ContaImplDataOnDemand_Roo_Configurable" has no MetaData or annotations.
21:45:51,460 (main) INFO  [DataNucleus.MetaData] - Class "br.com.bufunfa.finance.conta.ContaImplDataOnDemand_Roo_DataOnDemand" has no MetaData or annotations.
21:45:51,470 (main) INFO  [DataNucleus.MetaData] - Class "br.com.bufunfa.finance.conta.ContaImplIntegrationTest" has no MetaData or annotations.
21:45:51,471 (main) INFO  [DataNucleus.MetaData] - Class "br.com.bufunfa.finance.conta.ContaImplIntegrationTest_Roo_Configurable" has no MetaData or annotations.
21:45:51,473 (main) INFO  [DataNucleus.MetaData] - Class "br.com.bufunfa.finance.conta.ContaImplIntegrationTest_Roo_IntegrationTest" has no MetaData or annotations.
21:45:51,474 (main) ERROR [DataNucleus.MetaData] - Class br.com.bufunfa.finance.conta.ContaImpl has application-identity and no objectid-class specified yet has 0 primary key fields. Unable to use SingleFieldIdentity.
21:45:51,475 (main) ERROR [DataNucleus.Enhancer] - DataNucleus Enhancer completed with an error. Please review the enhancer log for full details. Some classes may have been enhanced but some caused errors
Class br.com.bufunfa.finance.conta.ContaImpl has application-identity and no objectid-class specified yet has 0 primary key fields. Unable to use SingleFieldIdentity.
org.datanucleus.metadata.InvalidMetaDataException: Class br.com.bufunfa.finance.conta.ContaImpl has application-identity and no objectid-class specified yet has 0 primary key fields. Unable to use SingleFieldIdentity.
	at org.datanucleus.metadata.AbstractClassMetaData.determineObjectIdClass(AbstractClassMetaData.java:1032)
	at org.datanucleus.metadata.ClassMetaData.populate(ClassMetaData.java:205)
	at org.datanucleus.metadata.MetaDataManager$1.run(MetaDataManager.java:2322)
	at java.security.AccessController.doPrivileged(Native Method)
	at org.datanucleus.metadata.MetaDataManager.populateAbstractClassMetaData(MetaDataManager.java:2316)
	at org.datanucleus.metadata.MetaDataManager.populateFileMetaData(MetaDataManager.java:2153)
	at org.datanucleus.metadata.MetaDataManager.initialiseFileMetaDataForUse(MetaDataManager.java:864)
	at org.datanucleus.metadata.MetaDataManager.loadClasses(MetaDataManager.java:433)
	at org.datanucleus.enhancer.DataNucleusEnhancer.getFileMetadataForInput(DataNucleusEnhancer.java:743)
	at org.datanucleus.enhancer.DataNucleusEnhancer.enhance(DataNucleusEnhancer.java:545)
	at org.datanucleus.enhancer.DataNucleusEnhancer.main(DataNucleusEnhancer.java:1252)
21:45:51,475 (main) INFO  [DataNucleus.Enhancer] - DataNucleus Enhancer completed and no classes were enhanced. Consult the log for full details
22:42:41,635 (main) INFO  [DataNucleus.Enhancer] - DataNucleus Enhancer : Using ClassEnhancer "ASM" for API "JDO"
22:42:42,061 (main) INFO  [DataNucleus.Plugin] - Bundle "org.datanucleus" has an optional dependency to "org.eclipse.equinox.registry" but it cannot be resolved
22:42:42,061 (main) INFO  [DataNucleus.Plugin] - Bundle "org.datanucleus" has an optional dependency to "org.eclipse.core.runtime" but it cannot be resolved
22:42:42,193 (main) INFO  [DataNucleus.Enhancer] - DataNucleus Enhancer (version 1.1.4) : Enhancement of classes
22:42:42,552 (main) INFO  [DataNucleus.MetaData] - Class "br.com.bufunfa.finance.conta.ContaImpl" has been specified with JPA annotations so using those.
22:42:42,634 (main) INFO  [DataNucleus.MetaData] - Class "br.com.bufunfa.finance.conta.ContaImpl_Roo_Configurable" has no MetaData or annotations.
22:42:42,635 (main) INFO  [DataNucleus.MetaData] - Class "br.com.bufunfa.finance.conta.ContaImpl_Roo_Entity" has no MetaData or annotations.
22:42:42,648 (main) INFO  [DataNucleus.MetaData] - Class "br.com.bufunfa.finance.conta.ContaImpl_Roo_Finder" has no MetaData or annotations.
22:42:42,649 (main) INFO  [DataNucleus.MetaData] - Class "br.com.bufunfa.finance.conta.ContaImpl_Roo_JavaBean" has no MetaData or annotations.
22:42:42,649 (main) INFO  [DataNucleus.MetaData] - Class "br.com.bufunfa.finance.conta.ContaImpl_Roo_Serializable" has no MetaData or annotations.
22:42:42,650 (main) INFO  [DataNucleus.MetaData] - Class "br.com.bufunfa.finance.conta.ContaImpl_Roo_ToString" has no MetaData or annotations.
22:42:42,684 (main) INFO  [DataNucleus.MetaData] - Class "br.com.bufunfa.finance.conta.ContaImplDataOnDemand" has no MetaData or annotations.
22:42:42,701 (main) INFO  [DataNucleus.MetaData] - Class "br.com.bufunfa.finance.conta.ContaImplDataOnDemand_Roo_Configurable" has no MetaData or annotations.
22:42:42,702 (main) INFO  [DataNucleus.MetaData] - Class "br.com.bufunfa.finance.conta.ContaImplDataOnDemand_Roo_DataOnDemand" has no MetaData or annotations.
22:42:42,723 (main) INFO  [DataNucleus.MetaData] - Class "br.com.bufunfa.finance.conta.ContaImplIntegrationTest" has no MetaData or annotations.
22:42:42,744 (main) INFO  [DataNucleus.MetaData] - Class "br.com.bufunfa.finance.conta.ContaImplIntegrationTest_Roo_Configurable" has no MetaData or annotations.
22:42:42,745 (main) INFO  [DataNucleus.MetaData] - Class "br.com.bufunfa.finance.conta.ContaImplIntegrationTest_Roo_IntegrationTest" has no MetaData or annotations.
22:42:42,746 (main) ERROR [DataNucleus.MetaData] - Class br.com.bufunfa.finance.conta.ContaImpl has application-identity and no objectid-class specified yet has 0 primary key fields. Unable to use SingleFieldIdentity.
22:42:42,757 (main) ERROR [DataNucleus.Enhancer] - DataNucleus Enhancer completed with an error. Please review the enhancer log for full details. Some classes may have been enhanced but some caused errors
Class br.com.bufunfa.finance.conta.ContaImpl has application-identity and no objectid-class specified yet has 0 primary key fields. Unable to use SingleFieldIdentity.
org.datanucleus.metadata.InvalidMetaDataException: Class br.com.bufunfa.finance.conta.ContaImpl has application-identity and no objectid-class specified yet has 0 primary key fields. Unable to use SingleFieldIdentity.
	at org.datanucleus.metadata.AbstractClassMetaData.determineObjectIdClass(AbstractClassMetaData.java:1032)
	at org.datanucleus.metadata.ClassMetaData.populate(ClassMetaData.java:205)
	at org.datanucleus.metadata.MetaDataManager$1.run(MetaDataManager.java:2322)
	at java.security.AccessController.doPrivileged(Native Method)
	at org.datanucleus.metadata.MetaDataManager.populateAbstractClassMetaData(MetaDataManager.java:2316)
	at org.datanucleus.metadata.MetaDataManager.populateFileMetaData(MetaDataManager.java:2153)
	at org.datanucleus.metadata.MetaDataManager.initialiseFileMetaDataForUse(MetaDataManager.java:864)
	at org.datanucleus.metadata.MetaDataManager.loadClasses(MetaDataManager.java:433)
	at org.datanucleus.enhancer.DataNucleusEnhancer.getFileMetadataForInput(DataNucleusEnhancer.java:743)
	at org.datanucleus.enhancer.DataNucleusEnhancer.enhance(DataNucleusEnhancer.java:545)
	at org.datanucleus.enhancer.DataNucleusEnhancer.main(DataNucleusEnhancer.java:1252)
22:42:42,758 (main) INFO  [DataNucleus.Enhancer] - DataNucleus Enhancer completed and no classes were enhanced. Consult the log for full details
22:43:02,558 (main) INFO  [DataNucleus.Enhancer] - DataNucleus Enhancer : Using ClassEnhancer "ASM" for API "JDO"
22:43:02,840 (main) INFO  [DataNucleus.Plugin] - Bundle "org.datanucleus" has an optional dependency to "org.eclipse.equinox.registry" but it cannot be resolved
22:43:02,840 (main) INFO  [DataNucleus.Plugin] - Bundle "org.datanucleus" has an optional dependency to "org.eclipse.core.runtime" but it cannot be resolved
22:43:02,921 (main) INFO  [DataNucleus.Enhancer] - DataNucleus Enhancer (version 1.1.4) : Enhancement of classes
22:43:03,113 (main) INFO  [DataNucleus.MetaData] - Class "br.com.bufunfa.finance.conta.ContaImpl" has been specified with JPA annotations so using those.
22:43:03,139 (main) INFO  [DataNucleus.MetaData] - Class "br.com.bufunfa.finance.conta.ContaImpl_Roo_Configurable" has no MetaData or annotations.
22:43:03,140 (main) INFO  [DataNucleus.MetaData] - Class "br.com.bufunfa.finance.conta.ContaImpl_Roo_Entity" has no MetaData or annotations.
22:43:03,141 (main) INFO  [DataNucleus.MetaData] - Class "br.com.bufunfa.finance.conta.ContaImpl_Roo_Finder" has no MetaData or annotations.
22:43:03,142 (main) INFO  [DataNucleus.MetaData] - Class "br.com.bufunfa.finance.conta.ContaImpl_Roo_JavaBean" has no MetaData or annotations.
22:43:03,143 (main) INFO  [DataNucleus.MetaData] - Class "br.com.bufunfa.finance.conta.ContaImpl_Roo_Serializable" has no MetaData or annotations.
22:43:03,143 (main) INFO  [DataNucleus.MetaData] - Class "br.com.bufunfa.finance.conta.ContaImpl_Roo_ToString" has no MetaData or annotations.
22:43:03,152 (main) INFO  [DataNucleus.MetaData] - Class "br.com.bufunfa.finance.conta.ContaImplDataOnDemand" has no MetaData or annotations.
22:43:03,153 (main) INFO  [DataNucleus.MetaData] - Class "br.com.bufunfa.finance.conta.ContaImplDataOnDemand_Roo_Configurable" has no MetaData or annotations.
22:43:03,154 (main) INFO  [DataNucleus.MetaData] - Class "br.com.bufunfa.finance.conta.ContaImplDataOnDemand_Roo_DataOnDemand" has no MetaData or annotations.
22:43:03,163 (main) INFO  [DataNucleus.MetaData] - Class "br.com.bufunfa.finance.conta.ContaImplIntegrationTest" has no MetaData or annotations.
22:43:03,164 (main) INFO  [DataNucleus.MetaData] - Class "br.com.bufunfa.finance.conta.ContaImplIntegrationTest_Roo_Configurable" has no MetaData or annotations.
22:43:03,165 (main) INFO  [DataNucleus.MetaData] - Class "br.com.bufunfa.finance.conta.ContaImplIntegrationTest_Roo_IntegrationTest" has no MetaData or annotations.
22:43:03,166 (main) ERROR [DataNucleus.MetaData] - Class br.com.bufunfa.finance.conta.ContaImpl has application-identity and no objectid-class specified yet has 0 primary key fields. Unable to use SingleFieldIdentity.
22:43:03,167 (main) ERROR [DataNucleus.Enhancer] - DataNucleus Enhancer completed with an error. Please review the enhancer log for full details. Some classes may have been enhanced but some caused errors
Class br.com.bufunfa.finance.conta.ContaImpl has application-identity and no objectid-class specified yet has 0 primary key fields. Unable to use SingleFieldIdentity.
org.datanucleus.metadata.InvalidMetaDataException: Class br.com.bufunfa.finance.conta.ContaImpl has application-identity and no objectid-class specified yet has 0 primary key fields. Unable to use SingleFieldIdentity.
	at org.datanucleus.metadata.AbstractClassMetaData.determineObjectIdClass(AbstractClassMetaData.java:1032)
	at org.datanucleus.metadata.ClassMetaData.populate(ClassMetaData.java:205)
	at org.datanucleus.metadata.MetaDataManager$1.run(MetaDataManager.java:2322)
	at java.security.AccessController.doPrivileged(Native Method)
	at org.datanucleus.metadata.MetaDataManager.populateAbstractClassMetaData(MetaDataManager.java:2316)
	at org.datanucleus.metadata.MetaDataManager.populateFileMetaData(MetaDataManager.java:2153)
	at org.datanucleus.metadata.MetaDataManager.initialiseFileMetaDataForUse(MetaDataManager.java:864)
	at org.datanucleus.metadata.MetaDataManager.loadClasses(MetaDataManager.java:433)
	at org.datanucleus.enhancer.DataNucleusEnhancer.getFileMetadataForInput(DataNucleusEnhancer.java:743)
	at org.datanucleus.enhancer.DataNucleusEnhancer.enhance(DataNucleusEnhancer.java:545)
	at org.datanucleus.enhancer.DataNucleusEnhancer.main(DataNucleusEnhancer.java:1252)
22:43:03,168 (main) INFO  [DataNucleus.Enhancer] - DataNucleus Enhancer completed and no classes were enhanced. Consult the log for full details
22:43:16,183 (main) INFO  [DataNucleus.Enhancer] - DataNucleus Enhancer : Using ClassEnhancer "ASM" for API "JDO"
22:43:16,495 (main) INFO  [DataNucleus.Plugin] - Bundle "org.datanucleus" has an optional dependency to "org.eclipse.equinox.registry" but it cannot be resolved
22:43:16,495 (main) INFO  [DataNucleus.Plugin] - Bundle "org.datanucleus" has an optional dependency to "org.eclipse.core.runtime" but it cannot be resolved
22:43:16,571 (main) INFO  [DataNucleus.Enhancer] - DataNucleus Enhancer (version 1.1.4) : Enhancement of classes
22:43:16,803 (main) INFO  [DataNucleus.MetaData] - Class "br.com.bufunfa.finance.conta.ContaImpl" has been specified with JPA annotations so using those.
22:43:16,859 (main) INFO  [DataNucleus.MetaData] - Class "br.com.bufunfa.finance.conta.ContaImpl_Roo_Configurable" has no MetaData or annotations.
22:43:16,860 (main) ERROR [DataNucleus.MetaData] - Class "br.com.bufunfa.finance.conta.ContaImpl_Roo_Entity" was not found in the CLASSPATH. Please check your specification and your CLASSPATH.
org.datanucleus.exceptions.ClassNotResolvedException: Class "br.com.bufunfa.finance.conta.ContaImpl_Roo_Entity" was not found in the CLASSPATH. Please check your specification and your CLASSPATH.
	at org.datanucleus.JDOClassLoaderResolver.classForName(JDOClassLoaderResolver.java:250)
	at org.datanucleus.JDOClassLoaderResolver.classForName(JDOClassLoaderResolver.java:415)
	at org.datanucleus.metadata.MetaDataManager.loadClasses(MetaDataManager.java:379)
	at org.datanucleus.enhancer.DataNucleusEnhancer.getFileMetadataForInput(DataNucleusEnhancer.java:743)
	at org.datanucleus.enhancer.DataNucleusEnhancer.enhance(DataNucleusEnhancer.java:545)
	at org.datanucleus.enhancer.DataNucleusEnhancer.main(DataNucleusEnhancer.java:1252)

22:43:16,861 (main) ERROR [DataNucleus.MetaData] - Class "br.com.bufunfa.finance.conta.ContaImpl_Roo_Finder" was not found in the CLASSPATH. Please check your specification and your CLASSPATH.
org.datanucleus.exceptions.ClassNotResolvedException: Class "br.com.bufunfa.finance.conta.ContaImpl_Roo_Finder" was not found in the CLASSPATH. Please check your specification and your CLASSPATH.
	at org.datanucleus.JDOClassLoaderResolver.classForName(JDOClassLoaderResolver.java:250)
	at org.datanucleus.JDOClassLoaderResolver.classForName(JDOClassLoaderResolver.java:415)
	at org.datanucleus.metadata.MetaDataManager.loadClasses(MetaDataManager.java:379)
	at org.datanucleus.enhancer.DataNucleusEnhancer.getFileMetadataForInput(DataNucleusEnhancer.java:743)
	at org.datanucleus.enhancer.DataNucleusEnhancer.enhance(DataNucleusEnhancer.java:545)
	at org.datanucleus.enhancer.DataNucleusEnhancer.main(DataNucleusEnhancer.java:1252)

22:43:16,861 (main) ERROR [DataNucleus.MetaData] - Class "br.com.bufunfa.finance.conta.ContaImpl_Roo_JavaBean" was not found in the CLASSPATH. Please check your specification and your CLASSPATH.
org.datanucleus.exceptions.ClassNotResolvedException: Class "br.com.bufunfa.finance.conta.ContaImpl_Roo_JavaBean" was not found in the CLASSPATH. Please check your specification and your CLASSPATH.
	at org.datanucleus.JDOClassLoaderResolver.classForName(JDOClassLoaderResolver.java:250)
	at org.datanucleus.JDOClassLoaderResolver.classForName(JDOClassLoaderResolver.java:415)
	at org.datanucleus.metadata.MetaDataManager.loadClasses(MetaDataManager.java:379)
	at org.datanucleus.enhancer.DataNucleusEnhancer.getFileMetadataForInput(DataNucleusEnhancer.java:743)
	at org.datanucleus.enhancer.DataNucleusEnhancer.enhance(DataNucleusEnhancer.java:545)
	at org.datanucleus.enhancer.DataNucleusEnhancer.main(DataNucleusEnhancer.java:1252)

22:43:16,861 (main) ERROR [DataNucleus.MetaData] - Class "br.com.bufunfa.finance.conta.ContaImpl_Roo_Serializable" was not found in the CLASSPATH. Please check your specification and your CLASSPATH.
org.datanucleus.exceptions.ClassNotResolvedException: Class "br.com.bufunfa.finance.conta.ContaImpl_Roo_Serializable" was not found in the CLASSPATH. Please check your specification and your CLASSPATH.
	at org.datanucleus.JDOClassLoaderResolver.classForName(JDOClassLoaderResolver.java:250)
	at org.datanucleus.JDOClassLoaderResolver.classForName(JDOClassLoaderResolver.java:415)
	at org.datanucleus.metadata.MetaDataManager.loadClasses(MetaDataManager.java:379)
	at org.datanucleus.enhancer.DataNucleusEnhancer.getFileMetadataForInput(DataNucleusEnhancer.java:743)
	at org.datanucleus.enhancer.DataNucleusEnhancer.enhance(DataNucleusEnhancer.java:545)
	at org.datanucleus.enhancer.DataNucleusEnhancer.main(DataNucleusEnhancer.java:1252)

22:43:16,862 (main) ERROR [DataNucleus.MetaData] - Class "br.com.bufunfa.finance.conta.ContaImpl_Roo_ToString" was not found in the CLASSPATH. Please check your specification and your CLASSPATH.
org.datanucleus.exceptions.ClassNotResolvedException: Class "br.com.bufunfa.finance.conta.ContaImpl_Roo_ToString" was not found in the CLASSPATH. Please check your specification and your CLASSPATH.
	at org.datanucleus.JDOClassLoaderResolver.classForName(JDOClassLoaderResolver.java:250)
	at org.datanucleus.JDOClassLoaderResolver.classForName(JDOClassLoaderResolver.java:415)
	at org.datanucleus.metadata.MetaDataManager.loadClasses(MetaDataManager.java:379)
	at org.datanucleus.enhancer.DataNucleusEnhancer.getFileMetadataForInput(DataNucleusEnhancer.java:743)
	at org.datanucleus.enhancer.DataNucleusEnhancer.enhance(DataNucleusEnhancer.java:545)
	at org.datanucleus.enhancer.DataNucleusEnhancer.main(DataNucleusEnhancer.java:1252)

22:43:16,862 (main) ERROR [DataNucleus.MetaData] - Class "br.com.bufunfa.finance.conta.ContaImplDataOnDemand" was not found in the CLASSPATH. Please check your specification and your CLASSPATH.
org.datanucleus.exceptions.ClassNotResolvedException: Class "br.com.bufunfa.finance.conta.ContaImplDataOnDemand" was not found in the CLASSPATH. Please check your specification and your CLASSPATH.
	at org.datanucleus.JDOClassLoaderResolver.classForName(JDOClassLoaderResolver.java:250)
	at org.datanucleus.JDOClassLoaderResolver.classForName(JDOClassLoaderResolver.java:415)
	at org.datanucleus.metadata.MetaDataManager.loadClasses(MetaDataManager.java:379)
	at org.datanucleus.enhancer.DataNucleusEnhancer.getFileMetadataForInput(DataNucleusEnhancer.java:743)
	at org.datanucleus.enhancer.DataNucleusEnhancer.enhance(DataNucleusEnhancer.java:545)
	at org.datanucleus.enhancer.DataNucleusEnhancer.main(DataNucleusEnhancer.java:1252)

22:43:16,862 (main) ERROR [DataNucleus.MetaData] - Class "br.com.bufunfa.finance.conta.ContaImplDataOnDemand_Roo_Configurable" was not found in the CLASSPATH. Please check your specification and your CLASSPATH.
org.datanucleus.exceptions.ClassNotResolvedException: Class "br.com.bufunfa.finance.conta.ContaImplDataOnDemand_Roo_Configurable" was not found in the CLASSPATH. Please check your specification and your CLASSPATH.
	at org.datanucleus.JDOClassLoaderResolver.classForName(JDOClassLoaderResolver.java:250)
	at org.datanucleus.JDOClassLoaderResolver.classForName(JDOClassLoaderResolver.java:415)
	at org.datanucleus.metadata.MetaDataManager.loadClasses(MetaDataManager.java:379)
	at org.datanucleus.enhancer.DataNucleusEnhancer.getFileMetadataForInput(DataNucleusEnhancer.java:743)
	at org.datanucleus.enhancer.DataNucleusEnhancer.enhance(DataNucleusEnhancer.java:545)
	at org.datanucleus.enhancer.DataNucleusEnhancer.main(DataNucleusEnhancer.java:1252)

22:43:16,863 (main) ERROR [DataNucleus.MetaData] - Class "br.com.bufunfa.finance.conta.ContaImplDataOnDemand_Roo_DataOnDemand" was not found in the CLASSPATH. Please check your specification and your CLASSPATH.
org.datanucleus.exceptions.ClassNotResolvedException: Class "br.com.bufunfa.finance.conta.ContaImplDataOnDemand_Roo_DataOnDemand" was not found in the CLASSPATH. Please check your specification and your CLASSPATH.
	at org.datanucleus.JDOClassLoaderResolver.classForName(JDOClassLoaderResolver.java:250)
	at org.datanucleus.JDOClassLoaderResolver.classForName(JDOClassLoaderResolver.java:415)
	at org.datanucleus.metadata.MetaDataManager.loadClasses(MetaDataManager.java:379)
	at org.datanucleus.enhancer.DataNucleusEnhancer.getFileMetadataForInput(DataNucleusEnhancer.java:743)
	at org.datanucleus.enhancer.DataNucleusEnhancer.enhance(DataNucleusEnhancer.java:545)
	at org.datanucleus.enhancer.DataNucleusEnhancer.main(DataNucleusEnhancer.java:1252)

22:43:16,863 (main) ERROR [DataNucleus.MetaData] - Class "br.com.bufunfa.finance.conta.ContaImplIntegrationTest" was not found in the CLASSPATH. Please check your specification and your CLASSPATH.
org.datanucleus.exceptions.ClassNotResolvedException: Class "br.com.bufunfa.finance.conta.ContaImplIntegrationTest" was not found in the CLASSPATH. Please check your specification and your CLASSPATH.
	at org.datanucleus.JDOClassLoaderResolver.classForName(JDOClassLoaderResolver.java:250)
	at org.datanucleus.JDOClassLoaderResolver.classForName(JDOClassLoaderResolver.java:415)
	at org.datanucleus.metadata.MetaDataManager.loadClasses(MetaDataManager.java:379)
	at org.datanucleus.enhancer.DataNucleusEnhancer.getFileMetadataForInput(DataNucleusEnhancer.java:743)
	at org.datanucleus.enhancer.DataNucleusEnhancer.enhance(DataNucleusEnhancer.java:545)
	at org.datanucleus.enhancer.DataNucleusEnhancer.main(DataNucleusEnhancer.java:1252)

22:43:16,864 (main) ERROR [DataNucleus.MetaData] - Class "br.com.bufunfa.finance.conta.ContaImplIntegrationTest_Roo_Configurable" was not found in the CLASSPATH. Please check your specification and your CLASSPATH.
org.datanucleus.exceptions.ClassNotResolvedException: Class "br.com.bufunfa.finance.conta.ContaImplIntegrationTest_Roo_Configurable" was not found in the CLASSPATH. Please check your specification and your CLASSPATH.
	at org.datanucleus.JDOClassLoaderResolver.classForName(JDOClassLoaderResolver.java:250)
	at org.datanucleus.JDOClassLoaderResolver.classForName(JDOClassLoaderResolver.java:415)
	at org.datanucleus.metadata.MetaDataManager.loadClasses(MetaDataManager.java:379)
	at org.datanucleus.enhancer.DataNucleusEnhancer.getFileMetadataForInput(DataNucleusEnhancer.java:743)
	at org.datanucleus.enhancer.DataNucleusEnhancer.enhance(DataNucleusEnhancer.java:545)
	at org.datanucleus.enhancer.DataNucleusEnhancer.main(DataNucleusEnhancer.java:1252)

22:43:16,878 (main) ERROR [DataNucleus.MetaData] - Class "br.com.bufunfa.finance.conta.ContaImplIntegrationTest_Roo_IntegrationTest" was not found in the CLASSPATH. Please check your specification and your CLASSPATH.
org.datanucleus.exceptions.ClassNotResolvedException: Class "br.com.bufunfa.finance.conta.ContaImplIntegrationTest_Roo_IntegrationTest" was not found in the CLASSPATH. Please check your specification and your CLASSPATH.
	at org.datanucleus.JDOClassLoaderResolver.classForName(JDOClassLoaderResolver.java:250)
	at org.datanucleus.JDOClassLoaderResolver.classForName(JDOClassLoaderResolver.java:415)
	at org.datanucleus.metadata.MetaDataManager.loadClasses(MetaDataManager.java:379)
	at org.datanucleus.enhancer.DataNucleusEnhancer.getFileMetadataForInput(DataNucleusEnhancer.java:743)
	at org.datanucleus.enhancer.DataNucleusEnhancer.enhance(DataNucleusEnhancer.java:545)
	at org.datanucleus.enhancer.DataNucleusEnhancer.main(DataNucleusEnhancer.java:1252)

22:43:16,879 (main) ERROR [DataNucleus.MetaData] - Class br.com.bufunfa.finance.conta.ContaImpl has application-identity and no objectid-class specified yet has 0 primary key fields. Unable to use SingleFieldIdentity.
22:43:16,888 (main) ERROR [DataNucleus.Enhancer] - DataNucleus Enhancer completed with an error. Please review the enhancer log for full details. Some classes may have been enhanced but some caused errors
Class br.com.bufunfa.finance.conta.ContaImpl has application-identity and no objectid-class specified yet has 0 primary key fields. Unable to use SingleFieldIdentity.
org.datanucleus.metadata.InvalidMetaDataException: Class br.com.bufunfa.finance.conta.ContaImpl has application-identity and no objectid-class specified yet has 0 primary key fields. Unable to use SingleFieldIdentity.
	at org.datanucleus.metadata.AbstractClassMetaData.determineObjectIdClass(AbstractClassMetaData.java:1032)
	at org.datanucleus.metadata.ClassMetaData.populate(ClassMetaData.java:205)
	at org.datanucleus.metadata.MetaDataManager$1.run(MetaDataManager.java:2322)
	at java.security.AccessController.doPrivileged(Native Method)
	at org.datanucleus.metadata.MetaDataManager.populateAbstractClassMetaData(MetaDataManager.java:2316)
	at org.datanucleus.metadata.MetaDataManager.populateFileMetaData(MetaDataManager.java:2153)
	at org.datanucleus.metadata.MetaDataManager.initialiseFileMetaDataForUse(MetaDataManager.java:864)
	at org.datanucleus.metadata.MetaDataManager.loadClasses(MetaDataManager.java:433)
	at org.datanucleus.enhancer.DataNucleusEnhancer.getFileMetadataForInput(DataNucleusEnhancer.java:743)
	at org.datanucleus.enhancer.DataNucleusEnhancer.enhance(DataNucleusEnhancer.java:545)
	at org.datanucleus.enhancer.DataNucleusEnhancer.main(DataNucleusEnhancer.java:1252)
22:43:16,889 (main) INFO  [DataNucleus.Enhancer] - DataNucleus Enhancer completed and no classes were enhanced. Consult the log for full details
22:43:19,459 (main) INFO  [DataNucleus.Enhancer] - DataNucleus Enhancer : Using ClassEnhancer "ASM" for API "JDO"
22:43:19,766 (main) INFO  [DataNucleus.Plugin] - Bundle "org.datanucleus" has an optional dependency to "org.eclipse.equinox.registry" but it cannot be resolved
22:43:19,766 (main) INFO  [DataNucleus.Plugin] - Bundle "org.datanucleus" has an optional dependency to "org.eclipse.core.runtime" but it cannot be resolved
22:43:19,847 (main) INFO  [DataNucleus.Enhancer] - DataNucleus Enhancer (version 1.1.4) : Enhancement of classes
22:43:20,021 (main) INFO  [DataNucleus.MetaData] - Class "br.com.bufunfa.finance.conta.ContaImpl" has been specified with JPA annotations so using those.
22:43:20,070 (main) INFO  [DataNucleus.MetaData] - Class "br.com.bufunfa.finance.conta.ContaImpl_Roo_Configurable" has no MetaData or annotations.
22:43:20,071 (main) INFO  [DataNucleus.MetaData] - Class "br.com.bufunfa.finance.conta.ContaImpl_Roo_Entity" has no MetaData or annotations.
22:43:20,080 (main) INFO  [DataNucleus.MetaData] - Class "br.com.bufunfa.finance.conta.ContaImpl_Roo_Finder" has no MetaData or annotations.
22:43:20,081 (main) INFO  [DataNucleus.MetaData] - Class "br.com.bufunfa.finance.conta.ContaImpl_Roo_JavaBean" has no MetaData or annotations.
22:43:20,082 (main) INFO  [DataNucleus.MetaData] - Class "br.com.bufunfa.finance.conta.ContaImpl_Roo_Serializable" has no MetaData or annotations.
22:43:20,100 (main) INFO  [DataNucleus.MetaData] - Class "br.com.bufunfa.finance.conta.ContaImplDataOnDemand" has no MetaData or annotations.
22:43:20,101 (main) INFO  [DataNucleus.MetaData] - Class "br.com.bufunfa.finance.conta.ContaImplDataOnDemand_Roo_Configurable" has no MetaData or annotations.
22:43:20,102 (main) INFO  [DataNucleus.MetaData] - Class "br.com.bufunfa.finance.conta.ContaImplDataOnDemand_Roo_DataOnDemand" has no MetaData or annotations.
22:43:20,114 (main) INFO  [DataNucleus.MetaData] - Class "br.com.bufunfa.finance.conta.ContaImplIntegrationTest" has no MetaData or annotations.
22:43:20,115 (main) INFO  [DataNucleus.MetaData] - Class "br.com.bufunfa.finance.conta.ContaImplIntegrationTest_Roo_Configurable" has no MetaData or annotations.
22:43:20,123 (main) INFO  [DataNucleus.MetaData] - Class "br.com.bufunfa.finance.conta.ContaImplIntegrationTest_Roo_IntegrationTest" has no MetaData or annotations.
22:43:20,132 (main) ERROR [DataNucleus.MetaData] - Class br.com.bufunfa.finance.conta.ContaImpl has application-identity and no objectid-class specified yet has 0 primary key fields. Unable to use SingleFieldIdentity.
22:43:20,133 (main) ERROR [DataNucleus.Enhancer] - DataNucleus Enhancer completed with an error. Please review the enhancer log for full details. Some classes may have been enhanced but some caused errors
Class br.com.bufunfa.finance.conta.ContaImpl has application-identity and no objectid-class specified yet has 0 primary key fields. Unable to use SingleFieldIdentity.
org.datanucleus.metadata.InvalidMetaDataException: Class br.com.bufunfa.finance.conta.ContaImpl has application-identity and no objectid-class specified yet has 0 primary key fields. Unable to use SingleFieldIdentity.
	at org.datanucleus.metadata.AbstractClassMetaData.determineObjectIdClass(AbstractClassMetaData.java:1032)
	at org.datanucleus.metadata.ClassMetaData.populate(ClassMetaData.java:205)
	at org.datanucleus.metadata.MetaDataManager$1.run(MetaDataManager.java:2322)
	at java.security.AccessController.doPrivileged(Native Method)
	at org.datanucleus.metadata.MetaDataManager.populateAbstractClassMetaData(MetaDataManager.java:2316)
	at org.datanucleus.metadata.MetaDataManager.populateFileMetaData(MetaDataManager.java:2153)
	at org.datanucleus.metadata.MetaDataManager.initialiseFileMetaDataForUse(MetaDataManager.java:864)
	at org.datanucleus.metadata.MetaDataManager.loadClasses(MetaDataManager.java:433)
	at org.datanucleus.enhancer.DataNucleusEnhancer.getFileMetadataForInput(DataNucleusEnhancer.java:743)
	at org.datanucleus.enhancer.DataNucleusEnhancer.enhance(DataNucleusEnhancer.java:545)
	at org.datanucleus.enhancer.DataNucleusEnhancer.main(DataNucleusEnhancer.java:1252)
22:43:20,134 (main) INFO  [DataNucleus.Enhancer] - DataNucleus Enhancer completed and no classes were enhanced. Consult the log for full details
20:26:36,896 (main) INFO  [DataNucleus.Enhancer] - DataNucleus Enhancer : Using ClassEnhancer "ASM" for API "JDO"
20:26:38,209 (main) INFO  [DataNucleus.Enhancer] - DataNucleus Enhancer : Using ClassEnhancer "ASM" for API "JDO"
20:34:55,024 (main) INFO  [DataNucleus.Enhancer] - DataNucleus Enhancer : Using ClassEnhancer "ASM" for API "JDO"
20:35:11,079 (main) INFO  [DataNucleus.Enhancer] - DataNucleus Enhancer : Using ClassEnhancer "ASM" for API "JDO"
20:38:31,291 (main) INFO  [DataNucleus.Enhancer] - DataNucleus Enhancer : Using ClassEnhancer "ASM" for API "JDO"
